CRITICAL - 2021-11-13 04:17:47 --> Too few arguments to function App\Controllers\Kriteria::edit(), 0 passed in C:\Users\USER-PC\Desktop\spk-saw\system\CodeIgniter.php on line 918 and exactly 1 expected
#0 C:\Users\USER-PC\Desktop\spk-saw\system\CodeIgniter.php(918): App\Controllers\Kriteria->edit()
#1 C:\Users\USER-PC\Desktop\spk-saw\system\CodeIgniter.php(404): CodeIgniter\CodeIgniter->runController(Object(App\Controllers\Kriteria))
#2 C:\Users\USER-PC\Desktop\spk-saw\system\CodeIgniter.php(312): CodeIgniter\CodeIgniter->handleRequest(NULL, Object(Config\Cache), false)
#3 C:\Users\USER-PC\Desktop\spk-saw\public\index.php(45): CodeIgniter\CodeIgniter->run()
#4 C:\Users\USER-PC\Desktop\spk-saw\system\Commands\Server\rewrite.php(34): require_once('C:\\Users\\USER-P...')
#5 {main}
CRITICAL - 2021-11-13 04:18:14 --> Undefined variable: supplier
#0 C:\Users\USER-PC\Desktop\spk-saw\app\Views\kriteria\edit.php(40): CodeIgniter\Debug\Exceptions->errorHandler(8, 'Undefined varia...', 'C:\\Users\\USER-P...', 40, Array)
#1 C:\Users\USER-PC\Desktop\spk-saw\system\View\View.php(246): include('C:\\Users\\USER-P...')
#2 C:\Users\USER-PC\Desktop\spk-saw\system\Common.php(1119): CodeIgniter\View\View->render('kriteria/edit', Array, true)
#3 C:\Users\USER-PC\Desktop\spk-saw\app\Controllers\Kriteria.php(31): view('kriteria/edit', Array)
#4 C:\Users\USER-PC\Desktop\spk-saw\system\CodeIgniter.php(918): App\Controllers\Kriteria->edit('K04')
#5 C:\Users\USER-PC\Desktop\spk-saw\system\CodeIgniter.php(404): CodeIgniter\CodeIgniter->runController(Object(App\Controllers\Kriteria))
#6 C:\Users\USER-PC\Desktop\spk-saw\system\CodeIgniter.php(312): CodeIgniter\CodeIgniter->handleRequest(NULL, Object(Config\Cache), false)
#7 C:\Users\USER-PC\Desktop\spk-saw\public\index.php(45): CodeIgniter\CodeIgniter->run()
#8 C:\Users\USER-PC\Desktop\spk-saw\system\Commands\Server\rewrite.php(34): require_once('C:\\Users\\USER-P...')
#9 {main}
CRITICAL - 2021-11-13 04:18:26 --> Trying to access array offset on value of type null
#0 C:\Users\USER-PC\Desktop\spk-saw\app\Views\kriteria\edit.php(15): CodeIgniter\Debug\Exceptions->errorHandler(8, 'Trying to acces...', 'C:\\Users\\USER-P...', 15, Array)
#1 C:\Users\USER-PC\Desktop\spk-saw\system\View\View.php(246): include('C:\\Users\\USER-P...')
#2 C:\Users\USER-PC\Desktop\spk-saw\system\Common.php(1119): CodeIgniter\View\View->render('kriteria/edit', Array, true)
#3 C:\Users\USER-PC\Desktop\spk-saw\app\Controllers\Kriteria.php(31): view('kriteria/edit', Array)
#4 C:\Users\USER-PC\Desktop\spk-saw\system\CodeIgniter.php(918): App\Controllers\Kriteria->edit('favicon.ico')
#5 C:\Users\USER-PC\Desktop\spk-saw\system\CodeIgniter.php(404): CodeIgniter\CodeIgniter->runController(Object(App\Controllers\Kriteria))
#6 C:\Users\USER-PC\Desktop\spk-saw\system\CodeIgniter.php(312): CodeIgniter\CodeIgniter->handleRequest(NULL, Object(Config\Cache), false)
#7 C:\Users\USER-PC\Desktop\spk-saw\public\index.php(45): CodeIgniter\CodeIgniter->run()
#8 C:\Users\USER-PC\Desktop\spk-saw\system\Commands\Server\rewrite.php(34): require_once('C:\\Users\\USER-P...')
#9 {main}
CRITICAL - 2021-11-13 04:18:36 --> Trying to access array offset on value of type null
#0 C:\Users\USER-PC\Desktop\spk-saw\app\Views\kriteria\edit.php(15): CodeIgniter\Debug\Exceptions->errorHandler(8, 'Trying to acces...', 'C:\\Users\\USER-P...', 15, Array)
#1 C:\Users\USER-PC\Desktop\spk-saw\system\View\View.php(246): include('C:\\Users\\USER-P...')
#2 C:\Users\USER-PC\Desktop\spk-saw\system\Common.php(1119): CodeIgniter\View\View->render('kriteria/edit', Array, true)
#3 C:\Users\USER-PC\Desktop\spk-saw\app\Controllers\Kriteria.php(31): view('kriteria/edit', Array)
#4 C:\Users\USER-PC\Desktop\spk-saw\system\CodeIgniter.php(918): App\Controllers\Kriteria->edit('favicon.ico')
#5 C:\Users\USER-PC\Desktop\spk-saw\system\CodeIgniter.php(404): CodeIgniter\CodeIgniter->runController(Object(App\Controllers\Kriteria))
#6 C:\Users\USER-PC\Desktop\spk-saw\system\CodeIgniter.php(312): CodeIgniter\CodeIgniter->handleRequest(NULL, Object(Config\Cache), false)
#7 C:\Users\USER-PC\Desktop\spk-saw\public\index.php(45): CodeIgniter\CodeIgniter->run()
#8 C:\Users\USER-PC\Desktop\spk-saw\system\Commands\Server\rewrite.php(34): require_once('C:\\Users\\USER-P...')
#9 {main}
CRITICAL - 2021-11-13 04:20:05 --> Trying to access array offset on value of type null
#0 C:\Users\USER-PC\Desktop\spk-saw\app\Views\kriteria\edit.php(15): CodeIgniter\Debug\Exceptions->errorHandler(8, 'Trying to acces...', 'C:\\Users\\USER-P...', 15, Array)
#1 C:\Users\USER-PC\Desktop\spk-saw\system\View\View.php(246): include('C:\\Users\\USER-P...')
#2 C:\Users\USER-PC\Desktop\spk-saw\system\Common.php(1119): CodeIgniter\View\View->render('kriteria/edit', Array, true)
#3 C:\Users\USER-PC\Desktop\spk-saw\app\Controllers\Kriteria.php(31): view('kriteria/edit', Array)
#4 C:\Users\USER-PC\Desktop\spk-saw\system\CodeIgniter.php(918): App\Controllers\Kriteria->edit('favicon.ico')
#5 C:\Users\USER-PC\Desktop\spk-saw\system\CodeIgniter.php(404): CodeIgniter\CodeIgniter->runController(Object(App\Controllers\Kriteria))
#6 C:\Users\USER-PC\Desktop\spk-saw\system\CodeIgniter.php(312): CodeIgniter\CodeIgniter->handleRequest(NULL, Object(Config\Cache), false)
#7 C:\Users\USER-PC\Desktop\spk-saw\public\index.php(45): CodeIgniter\CodeIgniter->run()
#8 C:\Users\USER-PC\Desktop\spk-saw\system\Commands\Server\rewrite.php(34): require_once('C:\\Users\\USER-P...')
#9 {main}
CRITICAL - 2021-11-13 04:20:09 --> Trying to access array offset on value of type null
#0 C:\Users\USER-PC\Desktop\spk-saw\app\Views\kriteria\edit.php(15): CodeIgniter\Debug\Exceptions->errorHandler(8, 'Trying to acces...', 'C:\\Users\\USER-P...', 15, Array)
#1 C:\Users\USER-PC\Desktop\spk-saw\system\View\View.php(246): include('C:\\Users\\USER-P...')
#2 C:\Users\USER-PC\Desktop\spk-saw\system\Common.php(1119): CodeIgniter\View\View->render('kriteria/edit', Array, true)
#3 C:\Users\USER-PC\Desktop\spk-saw\app\Controllers\Kriteria.php(31): view('kriteria/edit', Array)
#4 C:\Users\USER-PC\Desktop\spk-saw\system\CodeIgniter.php(918): App\Controllers\Kriteria->edit('favicon.ico')
#5 C:\Users\USER-PC\Desktop\spk-saw\system\CodeIgniter.php(404): CodeIgniter\CodeIgniter->runController(Object(App\Controllers\Kriteria))
#6 C:\Users\USER-PC\Desktop\spk-saw\system\CodeIgniter.php(312): CodeIgniter\CodeIgniter->handleRequest(NULL, Object(Config\Cache), false)
#7 C:\Users\USER-PC\Desktop\spk-saw\public\index.php(45): CodeIgniter\CodeIgniter->run()
#8 C:\Users\USER-PC\Desktop\spk-saw\system\Commands\Server\rewrite.php(34): require_once('C:\\Users\\USER-P...')
#9 {main}
CRITICAL - 2021-11-13 04:21:49 --> Trying to access array offset on value of type null
#0 C:\Users\USER-PC\Desktop\spk-saw\app\Views\kriteria\edit.php(15): CodeIgniter\Debug\Exceptions->errorHandler(8, 'Trying to acces...', 'C:\\Users\\USER-P...', 15, Array)
#1 C:\Users\USER-PC\Desktop\spk-saw\system\View\View.php(246): include('C:\\Users\\USER-P...')
#2 C:\Users\USER-PC\Desktop\spk-saw\system\Common.php(1119): CodeIgniter\View\View->render('kriteria/edit', Array, true)
#3 C:\Users\USER-PC\Desktop\spk-saw\app\Controllers\Kriteria.php(31): view('kriteria/edit', Array)
#4 C:\Users\USER-PC\Desktop\spk-saw\system\CodeIgniter.php(918): App\Controllers\Kriteria->edit('favicon.ico')
#5 C:\Users\USER-PC\Desktop\spk-saw\system\CodeIgniter.php(404): CodeIgniter\CodeIgniter->runController(Object(App\Controllers\Kriteria))
#6 C:\Users\USER-PC\Desktop\spk-saw\system\CodeIgniter.php(312): CodeIgniter\CodeIgniter->handleRequest(NULL, Object(Config\Cache), false)
#7 C:\Users\USER-PC\Desktop\spk-saw\public\index.php(45): CodeIgniter\CodeIgniter->run()
#8 C:\Users\USER-PC\Desktop\spk-saw\system\Commands\Server\rewrite.php(34): require_once('C:\\Users\\USER-P...')
#9 {main}
CRITICAL - 2021-11-13 04:22:03 --> Trying to access array offset on value of type null
#0 C:\Users\USER-PC\Desktop\spk-saw\app\Views\kriteria\edit.php(15): CodeIgniter\Debug\Exceptions->errorHandler(8, 'Trying to acces...', 'C:\\Users\\USER-P...', 15, Array)
#1 C:\Users\USER-PC\Desktop\spk-saw\system\View\View.php(246): include('C:\\Users\\USER-P...')
#2 C:\Users\USER-PC\Desktop\spk-saw\system\Common.php(1119): CodeIgniter\View\View->render('kriteria/edit', Array, true)
#3 C:\Users\USER-PC\Desktop\spk-saw\app\Controllers\Kriteria.php(31): view('kriteria/edit', Array)
#4 C:\Users\USER-PC\Desktop\spk-saw\system\CodeIgniter.php(918): App\Controllers\Kriteria->edit('favicon.ico')
#5 C:\Users\USER-PC\Desktop\spk-saw\system\CodeIgniter.php(404): CodeIgniter\CodeIgniter->runController(Object(App\Controllers\Kriteria))
#6 C:\Users\USER-PC\Desktop\spk-saw\system\CodeIgniter.php(312): CodeIgniter\CodeIgniter->handleRequest(NULL, Object(Config\Cache), false)
#7 C:\Users\USER-PC\Desktop\spk-saw\public\index.php(45): CodeIgniter\CodeIgniter->run()
#8 C:\Users\USER-PC\Desktop\spk-saw\system\Commands\Server\rewrite.php(34): require_once('C:\\Users\\USER-P...')
#9 {main}
CRITICAL - 2021-11-13 04:33:07 --> Trying to access array offset on value of type null
#0 C:\Users\USER-PC\Desktop\spk-saw\app\Views\kriteria\edit.php(15): CodeIgniter\Debug\Exceptions->errorHandler(8, 'Trying to acces...', 'C:\\Users\\USER-P...', 15, Array)
#1 C:\Users\USER-PC\Desktop\spk-saw\system\View\View.php(246): include('C:\\Users\\USER-P...')
#2 C:\Users\USER-PC\Desktop\spk-saw\system\Common.php(1119): CodeIgniter\View\View->render('kriteria/edit', Array, true)
#3 C:\Users\USER-PC\Desktop\spk-saw\app\Controllers\Kriteria.php(31): view('kriteria/edit', Array)
#4 C:\Users\USER-PC\Desktop\spk-saw\system\CodeIgniter.php(918): App\Controllers\Kriteria->edit('favicon.ico')
#5 C:\Users\USER-PC\Desktop\spk-saw\system\CodeIgniter.php(404): CodeIgniter\CodeIgniter->runController(Object(App\Controllers\Kriteria))
#6 C:\Users\USER-PC\Desktop\spk-saw\system\CodeIgniter.php(312): CodeIgniter\CodeIgniter->handleRequest(NULL, Object(Config\Cache), false)
#7 C:\Users\USER-PC\Desktop\spk-saw\public\index.php(45): CodeIgniter\CodeIgniter->run()
#8 C:\Users\USER-PC\Desktop\spk-saw\system\Commands\Server\rewrite.php(34): require_once('C:\\Users\\USER-P...')
#9 {main}
CRITICAL - 2021-11-13 04:40:06 --> Invalid file: variabel/index.php
#0 C:\Users\USER-PC\Desktop\spk-saw\system\View\View.php(228): CodeIgniter\Exceptions\FrameworkException::forInvalidFile('variabel/index....')
#1 C:\Users\USER-PC\Desktop\spk-saw\system\Common.php(1119): CodeIgniter\View\View->render('variabel/index', Array, true)
#2 C:\Users\USER-PC\Desktop\spk-saw\app\Controllers\Variabel.php(20): view('variabel/index', Array)
#3 C:\Users\USER-PC\Desktop\spk-saw\system\CodeIgniter.php(918): App\Controllers\Variabel->index()
#4 C:\Users\USER-PC\Desktop\spk-saw\system\CodeIgniter.php(404): CodeIgniter\CodeIgniter->runController(Object(App\Controllers\Variabel))
#5 C:\Users\USER-PC\Desktop\spk-saw\system\CodeIgniter.php(312): CodeIgniter\CodeIgniter->handleRequest(NULL, Object(Config\Cache), false)
#6 C:\Users\USER-PC\Desktop\spk-saw\public\index.php(45): CodeIgniter\CodeIgniter->run()
#7 C:\Users\USER-PC\Desktop\spk-saw\system\Commands\Server\rewrite.php(34): require_once('C:\\Users\\USER-P...')
#8 {main}
CRITICAL - 2021-11-13 04:48:10 --> Undefined variable: kriteria
#0 C:\Users\USER-PC\Desktop\spk-saw\app\Views\variabel\index.php(6): CodeIgniter\Debug\Exceptions->errorHandler(8, 'Undefined varia...', 'C:\\Users\\USER-P...', 6, Array)
#1 C:\Users\USER-PC\Desktop\spk-saw\system\View\View.php(246): include('C:\\Users\\USER-P...')
#2 C:\Users\USER-PC\Desktop\spk-saw\system\Common.php(1119): CodeIgniter\View\View->render('variabel/index', Array, true)
#3 C:\Users\USER-PC\Desktop\spk-saw\app\Controllers\Variabel.php(22): view('variabel/index', Array)
#4 C:\Users\USER-PC\Desktop\spk-saw\system\CodeIgniter.php(918): App\Controllers\Variabel->index()
#5 C:\Users\USER-PC\Desktop\spk-saw\system\CodeIgniter.php(404): CodeIgniter\CodeIgniter->runController(Object(App\Controllers\Variabel))
#6 C:\Users\USER-PC\Desktop\spk-saw\system\CodeIgniter.php(312): CodeIgniter\CodeIgniter->handleRequest(NULL, Object(Config\Cache), false)
#7 C:\Users\USER-PC\Desktop\spk-saw\public\index.php(45): CodeIgniter\CodeIgniter->run()
#8 C:\Users\USER-PC\Desktop\spk-saw\system\Commands\Server\rewrite.php(34): require_once('C:\\Users\\USER-P...')
#9 {main}
CRITICAL - 2021-11-13 05:22:54 --> Undefined index: kriteria_name
#0 C:\Users\USER-PC\Desktop\spk-saw\app\Views\variabel\index.php(15): CodeIgniter\Debug\Exceptions->errorHandler(8, 'Undefined index...', 'C:\\Users\\USER-P...', 15, Array)
#1 C:\Users\USER-PC\Desktop\spk-saw\system\View\View.php(246): include('C:\\Users\\USER-P...')
#2 C:\Users\USER-PC\Desktop\spk-saw\system\Common.php(1119): CodeIgniter\View\View->render('variabel/index', Array, true)
#3 C:\Users\USER-PC\Desktop\spk-saw\app\Controllers\Variabel.php(23): view('variabel/index', Array)
#4 C:\Users\USER-PC\Desktop\spk-saw\system\CodeIgniter.php(918): App\Controllers\Variabel->index()
#5 C:\Users\USER-PC\Desktop\spk-saw\system\CodeIgniter.php(404): CodeIgniter\CodeIgniter->runController(Object(App\Controllers\Variabel))
#6 C:\Users\USER-PC\Desktop\spk-saw\system\CodeIgniter.php(312): CodeIgniter\CodeIgniter->handleRequest(NULL, Object(Config\Cache), false)
#7 C:\Users\USER-PC\Desktop\spk-saw\public\index.php(45): CodeIgniter\CodeIgniter->run()
#8 C:\Users\USER-PC\Desktop\spk-saw\system\Commands\Server\rewrite.php(34): require_once('C:\\Users\\USER-P...')
#9 {main}
CRITICAL - 2021-11-13 05:27:08 --> Invalid file: variabel/index#K04.php
#0 C:\Users\USER-PC\Desktop\spk-saw\system\View\View.php(228): CodeIgniter\Exceptions\FrameworkException::forInvalidFile('variabel/index#...')
#1 C:\Users\USER-PC\Desktop\spk-saw\system\Common.php(1119): CodeIgniter\View\View->render('variabel/index#...', Array, true)
#2 C:\Users\USER-PC\Desktop\spk-saw\app\Controllers\Variabel.php(23): view('variabel/index#...', Array)
#3 C:\Users\USER-PC\Desktop\spk-saw\system\CodeIgniter.php(918): App\Controllers\Variabel->index()
#4 C:\Users\USER-PC\Desktop\spk-saw\system\CodeIgniter.php(404): CodeIgniter\CodeIgniter->runController(Object(App\Controllers\Variabel))
#5 C:\Users\USER-PC\Desktop\spk-saw\system\CodeIgniter.php(312): CodeIgniter\CodeIgniter->handleRequest(NULL, Object(Config\Cache), false)
#6 C:\Users\USER-PC\Desktop\spk-saw\public\index.php(45): CodeIgniter\CodeIgniter->run()
#7 C:\Users\USER-PC\Desktop\spk-saw\system\Commands\Server\rewrite.php(34): require_once('C:\\Users\\USER-P...')
#8 {main}
