CRITICAL - 2021-11-27 03:33:20 --> Undefined variable: title
#0 C:\Users\USER-PC\Desktop\spk-saw\app\Views\hitung\hasil.php(4): CodeIgniter\Debug\Exceptions->errorHandler(8, 'Undefined varia...', 'C:\\Users\\USER-P...', 4, Array)
#1 C:\Users\USER-PC\Desktop\spk-saw\system\View\View.php(246): include('C:\\Users\\USER-P...')
#2 C:\Users\USER-PC\Desktop\spk-saw\system\Common.php(1119): CodeIgniter\View\View->render('hitung/hasil', Array, true)
#3 C:\Users\USER-PC\Desktop\spk-saw\app\Controllers\Hitung.php(105): view('hitung/hasil', Array)
#4 C:\Users\USER-PC\Desktop\spk-saw\system\CodeIgniter.php(918): App\Controllers\Hitung->kalkulasi()
#5 C:\Users\USER-PC\Desktop\spk-saw\system\CodeIgniter.php(404): CodeIgniter\CodeIgniter->runController(Object(App\Controllers\Hitung))
#6 C:\Users\USER-PC\Desktop\spk-saw\system\CodeIgniter.php(312): CodeIgniter\CodeIgniter->handleRequest(NULL, Object(Config\Cache), false)
#7 C:\Users\USER-PC\Desktop\spk-saw\public\index.php(45): CodeIgniter\CodeIgniter->run()
#8 C:\Users\USER-PC\Desktop\spk-saw\system\Commands\Server\rewrite.php(34): require_once('C:\\Users\\USER-P...')
#9 {main}
CRITICAL - 2021-11-27 03:35:48 --> Undefined variable: nilai
#0 C:\Users\USER-PC\Desktop\spk-saw\app\Views\hitung\hasil.php(84): CodeIgniter\Debug\Exceptions->errorHandler(8, 'Undefined varia...', 'C:\\Users\\USER-P...', 84, Array)
#1 C:\Users\USER-PC\Desktop\spk-saw\system\View\View.php(246): include('C:\\Users\\USER-P...')
#2 C:\Users\USER-PC\Desktop\spk-saw\system\Common.php(1119): CodeIgniter\View\View->render('hitung/hasil', Array, true)
#3 C:\Users\USER-PC\Desktop\spk-saw\app\Controllers\Hitung.php(103): view('hitung/hasil', Array)
#4 C:\Users\USER-PC\Desktop\spk-saw\system\CodeIgniter.php(918): App\Controllers\Hitung->kalkulasi()
#5 C:\Users\USER-PC\Desktop\spk-saw\system\CodeIgniter.php(404): CodeIgniter\CodeIgniter->runController(Object(App\Controllers\Hitung))
#6 C:\Users\USER-PC\Desktop\spk-saw\system\CodeIgniter.php(312): CodeIgniter\CodeIgniter->handleRequest(NULL, Object(Config\Cache), false)
#7 C:\Users\USER-PC\Desktop\spk-saw\public\index.php(45): CodeIgniter\CodeIgniter->run()
#8 C:\Users\USER-PC\Desktop\spk-saw\system\Commands\Server\rewrite.php(34): require_once('C:\\Users\\USER-P...')
#9 {main}
CRITICAL - 2021-11-27 03:54:48 --> Column 'obat_id' in on clause is ambiguous
#0 C:\Users\USER-PC\Desktop\spk-saw\system\Database\MySQLi\Connection.php(331): mysqli->query('SELECT *\nFROM `...')
#1 C:\Users\USER-PC\Desktop\spk-saw\system\Database\BaseConnection.php(741): CodeIgniter\Database\MySQLi\Connection->execute('SELECT *\nFROM `...')
#2 C:\Users\USER-PC\Desktop\spk-saw\system\Database\BaseConnection.php(669): CodeIgniter\Database\BaseConnection->simpleQuery('SELECT *\nFROM `...')
#3 C:\Users\USER-PC\Desktop\spk-saw\system\Database\BaseBuilder.php(1860): CodeIgniter\Database\BaseConnection->query('SELECT *\nFROM `...', Array, false)
#4 C:\Users\USER-PC\Desktop\spk-saw\system\Model.php(1818): CodeIgniter\Database\BaseBuilder->get()
#5 C:\Users\USER-PC\Desktop\spk-saw\app\Models\HistoryModel.php(23): CodeIgniter\Model->__call('get', Array)
#6 C:\Users\USER-PC\Desktop\spk-saw\app\Controllers\Hitung.php(118): App\Models\HistoryModel->getHistoryWithObat()
#7 C:\Users\USER-PC\Desktop\spk-saw\system\CodeIgniter.php(918): App\Controllers\Hitung->history()
#8 C:\Users\USER-PC\Desktop\spk-saw\system\CodeIgniter.php(404): CodeIgniter\CodeIgniter->runController(Object(App\Controllers\Hitung))
#9 C:\Users\USER-PC\Desktop\spk-saw\system\CodeIgniter.php(312): CodeIgniter\CodeIgniter->handleRequest(NULL, Object(Config\Cache), false)
#10 C:\Users\USER-PC\Desktop\spk-saw\public\index.php(45): CodeIgniter\CodeIgniter->run()
#11 C:\Users\USER-PC\Desktop\spk-saw\system\Commands\Server\rewrite.php(34): require_once('C:\\Users\\USER-P...')
#12 {main}
CRITICAL - 2021-11-27 03:55:22 --> Call to undefined method CodeIgniter\Database\MySQLi\Result::getResultsArray()
#0 C:\Users\USER-PC\Desktop\spk-saw\app\Controllers\Hitung.php(118): App\Models\HistoryModel->getHistoryWithObat()
#1 C:\Users\USER-PC\Desktop\spk-saw\system\CodeIgniter.php(918): App\Controllers\Hitung->history()
#2 C:\Users\USER-PC\Desktop\spk-saw\system\CodeIgniter.php(404): CodeIgniter\CodeIgniter->runController(Object(App\Controllers\Hitung))
#3 C:\Users\USER-PC\Desktop\spk-saw\system\CodeIgniter.php(312): CodeIgniter\CodeIgniter->handleRequest(NULL, Object(Config\Cache), false)
#4 C:\Users\USER-PC\Desktop\spk-saw\public\index.php(45): CodeIgniter\CodeIgniter->run()
#5 C:\Users\USER-PC\Desktop\spk-saw\system\Commands\Server\rewrite.php(34): require_once('C:\\Users\\USER-P...')
#6 {main}
CRITICAL - 2021-11-27 03:56:37 --> Call to undefined method App\Models\HistoryModel::getHistoryWithObat
#0 C:\Users\USER-PC\Desktop\spk-saw\app\Controllers\Hitung.php(118): CodeIgniter\Model->__call('getHistoryWithO...', Array)
#1 C:\Users\USER-PC\Desktop\spk-saw\system\CodeIgniter.php(918): App\Controllers\Hitung->history()
#2 C:\Users\USER-PC\Desktop\spk-saw\system\CodeIgniter.php(404): CodeIgniter\CodeIgniter->runController(Object(App\Controllers\Hitung))
#3 C:\Users\USER-PC\Desktop\spk-saw\system\CodeIgniter.php(312): CodeIgniter\CodeIgniter->handleRequest(NULL, Object(Config\Cache), false)
#4 C:\Users\USER-PC\Desktop\spk-saw\public\index.php(45): CodeIgniter\CodeIgniter->run()
#5 C:\Users\USER-PC\Desktop\spk-saw\system\Commands\Server\rewrite.php(34): require_once('C:\\Users\\USER-P...')
#6 {main}
CRITICAL - 2021-11-27 04:04:28 --> Trying to access array offset on value of type null
#0 C:\Users\USER-PC\Desktop\spk-saw\app\Views\obat\edit.php(15): CodeIgniter\Debug\Exceptions->errorHandler(8, 'Trying to acces...', 'C:\\Users\\USER-P...', 15, Array)
#1 C:\Users\USER-PC\Desktop\spk-saw\system\View\View.php(246): include('C:\\Users\\USER-P...')
#2 C:\Users\USER-PC\Desktop\spk-saw\system\Common.php(1119): CodeIgniter\View\View->render('obat/edit', Array, true)
#3 C:\Users\USER-PC\Desktop\spk-saw\app\Controllers\Obat.php(142): view('obat/edit', Array)
#4 C:\Users\USER-PC\Desktop\spk-saw\system\CodeIgniter.php(918): App\Controllers\Obat->edit('favicon.ico')
#5 C:\Users\USER-PC\Desktop\spk-saw\system\CodeIgniter.php(404): CodeIgniter\CodeIgniter->runController(Object(App\Controllers\Obat))
#6 C:\Users\USER-PC\Desktop\spk-saw\system\CodeIgniter.php(312): CodeIgniter\CodeIgniter->handleRequest(NULL, Object(Config\Cache), false)
#7 C:\Users\USER-PC\Desktop\spk-saw\public\index.php(45): CodeIgniter\CodeIgniter->run()
#8 C:\Users\USER-PC\Desktop\spk-saw\system\Commands\Server\rewrite.php(34): require_once('C:\\Users\\USER-P...')
#9 {main}
CRITICAL - 2021-11-27 04:33:34 --> Trying to access array offset on value of type null
#0 C:\Users\USER-PC\Desktop\spk-saw\app\Views\obat\edit.php(15): CodeIgniter\Debug\Exceptions->errorHandler(8, 'Trying to acces...', 'C:\\Users\\USER-P...', 15, Array)
#1 C:\Users\USER-PC\Desktop\spk-saw\system\View\View.php(246): include('C:\\Users\\USER-P...')
#2 C:\Users\USER-PC\Desktop\spk-saw\system\Common.php(1119): CodeIgniter\View\View->render('obat/edit', Array, true)
#3 C:\Users\USER-PC\Desktop\spk-saw\app\Controllers\Obat.php(142): view('obat/edit', Array)
#4 C:\Users\USER-PC\Desktop\spk-saw\system\CodeIgniter.php(918): App\Controllers\Obat->edit('favicon.ico')
#5 C:\Users\USER-PC\Desktop\spk-saw\system\CodeIgniter.php(404): CodeIgniter\CodeIgniter->runController(Object(App\Controllers\Obat))
#6 C:\Users\USER-PC\Desktop\spk-saw\system\CodeIgniter.php(312): CodeIgniter\CodeIgniter->handleRequest(NULL, Object(Config\Cache), false)
#7 C:\Users\USER-PC\Desktop\spk-saw\public\index.php(45): CodeIgniter\CodeIgniter->run()
#8 C:\Users\USER-PC\Desktop\spk-saw\system\Commands\Server\rewrite.php(34): require_once('C:\\Users\\USER-P...')
#9 {main}
CRITICAL - 2021-11-27 04:33:48 --> Trying to access array offset on value of type null
#0 C:\Users\USER-PC\Desktop\spk-saw\app\Views\obat\edit.php(15): CodeIgniter\Debug\Exceptions->errorHandler(8, 'Trying to acces...', 'C:\\Users\\USER-P...', 15, Array)
#1 C:\Users\USER-PC\Desktop\spk-saw\system\View\View.php(246): include('C:\\Users\\USER-P...')
#2 C:\Users\USER-PC\Desktop\spk-saw\system\Common.php(1119): CodeIgniter\View\View->render('obat/edit', Array, true)
#3 C:\Users\USER-PC\Desktop\spk-saw\app\Controllers\Obat.php(142): view('obat/edit', Array)
#4 C:\Users\USER-PC\Desktop\spk-saw\system\CodeIgniter.php(918): App\Controllers\Obat->edit('favicon.ico')
#5 C:\Users\USER-PC\Desktop\spk-saw\system\CodeIgniter.php(404): CodeIgniter\CodeIgniter->runController(Object(App\Controllers\Obat))
#6 C:\Users\USER-PC\Desktop\spk-saw\system\CodeIgniter.php(312): CodeIgniter\CodeIgniter->handleRequest(NULL, Object(Config\Cache), false)
#7 C:\Users\USER-PC\Desktop\spk-saw\public\index.php(45): CodeIgniter\CodeIgniter->run()
#8 C:\Users\USER-PC\Desktop\spk-saw\system\Commands\Server\rewrite.php(34): require_once('C:\\Users\\USER-P...')
#9 {main}
CRITICAL - 2021-11-27 04:33:59 --> Trying to access array offset on value of type null
#0 C:\Users\USER-PC\Desktop\spk-saw\app\Views\obat\edit.php(15): CodeIgniter\Debug\Exceptions->errorHandler(8, 'Trying to acces...', 'C:\\Users\\USER-P...', 15, Array)
#1 C:\Users\USER-PC\Desktop\spk-saw\system\View\View.php(246): include('C:\\Users\\USER-P...')
#2 C:\Users\USER-PC\Desktop\spk-saw\system\Common.php(1119): CodeIgniter\View\View->render('obat/edit', Array, true)
#3 C:\Users\USER-PC\Desktop\spk-saw\app\Controllers\Obat.php(142): view('obat/edit', Array)
#4 C:\Users\USER-PC\Desktop\spk-saw\system\CodeIgniter.php(918): App\Controllers\Obat->edit('favicon.ico')
#5 C:\Users\USER-PC\Desktop\spk-saw\system\CodeIgniter.php(404): CodeIgniter\CodeIgniter->runController(Object(App\Controllers\Obat))
#6 C:\Users\USER-PC\Desktop\spk-saw\system\CodeIgniter.php(312): CodeIgniter\CodeIgniter->handleRequest(NULL, Object(Config\Cache), false)
#7 C:\Users\USER-PC\Desktop\spk-saw\public\index.php(45): CodeIgniter\CodeIgniter->run()
#8 C:\Users\USER-PC\Desktop\spk-saw\system\Commands\Server\rewrite.php(34): require_once('C:\\Users\\USER-P...')
#9 {main}
CRITICAL - 2021-11-27 04:36:10 --> Trying to access array offset on value of type null
#0 C:\Users\USER-PC\Desktop\spk-saw\app\Views\obat\edit.php(15): CodeIgniter\Debug\Exceptions->errorHandler(8, 'Trying to acces...', 'C:\\Users\\USER-P...', 15, Array)
#1 C:\Users\USER-PC\Desktop\spk-saw\system\View\View.php(246): include('C:\\Users\\USER-P...')
#2 C:\Users\USER-PC\Desktop\spk-saw\system\Common.php(1119): CodeIgniter\View\View->render('obat/edit', Array, true)
#3 C:\Users\USER-PC\Desktop\spk-saw\app\Controllers\Obat.php(142): view('obat/edit', Array)
#4 C:\Users\USER-PC\Desktop\spk-saw\system\CodeIgniter.php(918): App\Controllers\Obat->edit('favicon.ico')
#5 C:\Users\USER-PC\Desktop\spk-saw\system\CodeIgniter.php(404): CodeIgniter\CodeIgniter->runController(Object(App\Controllers\Obat))
#6 C:\Users\USER-PC\Desktop\spk-saw\system\CodeIgniter.php(312): CodeIgniter\CodeIgniter->handleRequest(NULL, Object(Config\Cache), false)
#7 C:\Users\USER-PC\Desktop\spk-saw\public\index.php(45): CodeIgniter\CodeIgniter->run()
#8 C:\Users\USER-PC\Desktop\spk-saw\system\Commands\Server\rewrite.php(34): require_once('C:\\Users\\USER-P...')
#9 {main}
CRITICAL - 2021-11-27 04:36:47 --> Trying to access array offset on value of type null
#0 C:\Users\USER-PC\Desktop\spk-saw\app\Views\obat\edit.php(15): CodeIgniter\Debug\Exceptions->errorHandler(8, 'Trying to acces...', 'C:\\Users\\USER-P...', 15, Array)
#1 C:\Users\USER-PC\Desktop\spk-saw\system\View\View.php(246): include('C:\\Users\\USER-P...')
#2 C:\Users\USER-PC\Desktop\spk-saw\system\Common.php(1119): CodeIgniter\View\View->render('obat/edit', Array, true)
#3 C:\Users\USER-PC\Desktop\spk-saw\app\Controllers\Obat.php(142): view('obat/edit', Array)
#4 C:\Users\USER-PC\Desktop\spk-saw\system\CodeIgniter.php(918): App\Controllers\Obat->edit('favicon.ico')
#5 C:\Users\USER-PC\Desktop\spk-saw\system\CodeIgniter.php(404): CodeIgniter\CodeIgniter->runController(Object(App\Controllers\Obat))
#6 C:\Users\USER-PC\Desktop\spk-saw\system\CodeIgniter.php(312): CodeIgniter\CodeIgniter->handleRequest(NULL, Object(Config\Cache), false)
#7 C:\Users\USER-PC\Desktop\spk-saw\public\index.php(45): CodeIgniter\CodeIgniter->run()
#8 C:\Users\USER-PC\Desktop\spk-saw\system\Commands\Server\rewrite.php(34): require_once('C:\\Users\\USER-P...')
#9 {main}
CRITICAL - 2021-11-27 04:37:10 --> Trying to access array offset on value of type null
#0 C:\Users\USER-PC\Desktop\spk-saw\app\Views\obat\edit.php(15): CodeIgniter\Debug\Exceptions->errorHandler(8, 'Trying to acces...', 'C:\\Users\\USER-P...', 15, Array)
#1 C:\Users\USER-PC\Desktop\spk-saw\system\View\View.php(246): include('C:\\Users\\USER-P...')
#2 C:\Users\USER-PC\Desktop\spk-saw\system\Common.php(1119): CodeIgniter\View\View->render('obat/edit', Array, true)
#3 C:\Users\USER-PC\Desktop\spk-saw\app\Controllers\Obat.php(142): view('obat/edit', Array)
#4 C:\Users\USER-PC\Desktop\spk-saw\system\CodeIgniter.php(918): App\Controllers\Obat->edit('favicon.ico')
#5 C:\Users\USER-PC\Desktop\spk-saw\system\CodeIgniter.php(404): CodeIgniter\CodeIgniter->runController(Object(App\Controllers\Obat))
#6 C:\Users\USER-PC\Desktop\spk-saw\system\CodeIgniter.php(312): CodeIgniter\CodeIgniter->handleRequest(NULL, Object(Config\Cache), false)
#7 C:\Users\USER-PC\Desktop\spk-saw\public\index.php(45): CodeIgniter\CodeIgniter->run()
#8 C:\Users\USER-PC\Desktop\spk-saw\system\Commands\Server\rewrite.php(34): require_once('C:\\Users\\USER-P...')
#9 {main}
CRITICAL - 2021-11-27 04:37:25 --> Trying to access array offset on value of type null
#0 C:\Users\USER-PC\Desktop\spk-saw\app\Views\obat\edit.php(15): CodeIgniter\Debug\Exceptions->errorHandler(8, 'Trying to acces...', 'C:\\Users\\USER-P...', 15, Array)
#1 C:\Users\USER-PC\Desktop\spk-saw\system\View\View.php(246): include('C:\\Users\\USER-P...')
#2 C:\Users\USER-PC\Desktop\spk-saw\system\Common.php(1119): CodeIgniter\View\View->render('obat/edit', Array, true)
#3 C:\Users\USER-PC\Desktop\spk-saw\app\Controllers\Obat.php(142): view('obat/edit', Array)
#4 C:\Users\USER-PC\Desktop\spk-saw\system\CodeIgniter.php(918): App\Controllers\Obat->edit('favicon.ico')
#5 C:\Users\USER-PC\Desktop\spk-saw\system\CodeIgniter.php(404): CodeIgniter\CodeIgniter->runController(Object(App\Controllers\Obat))
#6 C:\Users\USER-PC\Desktop\spk-saw\system\CodeIgniter.php(312): CodeIgniter\CodeIgniter->handleRequest(NULL, Object(Config\Cache), false)
#7 C:\Users\USER-PC\Desktop\spk-saw\public\index.php(45): CodeIgniter\CodeIgniter->run()
#8 C:\Users\USER-PC\Desktop\spk-saw\system\Commands\Server\rewrite.php(34): require_once('C:\\Users\\USER-P...')
#9 {main}
CRITICAL - 2021-11-27 04:41:24 --> Undefined variable: k
#0 C:\Users\USER-PC\Desktop\spk-saw\app\Views\dashboard.php(122): CodeIgniter\Debug\Exceptions->errorHandler(8, 'Undefined varia...', 'C:\\Users\\USER-P...', 122, Array)
#1 C:\Users\USER-PC\Desktop\spk-saw\system\View\View.php(246): include('C:\\Users\\USER-P...')
#2 C:\Users\USER-PC\Desktop\spk-saw\system\Common.php(1119): CodeIgniter\View\View->render('dashboard', Array, true)
#3 C:\Users\USER-PC\Desktop\spk-saw\app\Controllers\Dashboard.php(33): view('dashboard', Array)
#4 C:\Users\USER-PC\Desktop\spk-saw\system\CodeIgniter.php(918): App\Controllers\Dashboard->index()
#5 C:\Users\USER-PC\Desktop\spk-saw\system\CodeIgniter.php(404): CodeIgniter\CodeIgniter->runController(Object(App\Controllers\Dashboard))
#6 C:\Users\USER-PC\Desktop\spk-saw\system\CodeIgniter.php(312): CodeIgniter\CodeIgniter->handleRequest(NULL, Object(Config\Cache), false)
#7 C:\Users\USER-PC\Desktop\spk-saw\public\index.php(45): CodeIgniter\CodeIgniter->run()
#8 C:\Users\USER-PC\Desktop\spk-saw\system\Commands\Server\rewrite.php(34): require_once('C:\\Users\\USER-P...')
#9 {main}
CRITICAL - 2021-11-27 08:39:07 --> Trying to access array offset on value of type null
#0 C:\Users\USER-PC\Desktop\spk-saw\app\Views\obat\edit.php(15): CodeIgniter\Debug\Exceptions->errorHandler(8, 'Trying to acces...', 'C:\\Users\\USER-P...', 15, Array)
#1 C:\Users\USER-PC\Desktop\spk-saw\system\View\View.php(246): include('C:\\Users\\USER-P...')
#2 C:\Users\USER-PC\Desktop\spk-saw\system\Common.php(1119): CodeIgniter\View\View->render('obat/edit', Array, true)
#3 C:\Users\USER-PC\Desktop\spk-saw\app\Controllers\Obat.php(142): view('obat/edit', Array)
#4 C:\Users\USER-PC\Desktop\spk-saw\system\CodeIgniter.php(918): App\Controllers\Obat->edit('favicon.ico')
#5 C:\Users\USER-PC\Desktop\spk-saw\system\CodeIgniter.php(404): CodeIgniter\CodeIgniter->runController(Object(App\Controllers\Obat))
#6 C:\Users\USER-PC\Desktop\spk-saw\system\CodeIgniter.php(312): CodeIgniter\CodeIgniter->handleRequest(NULL, Object(Config\Cache), false)
#7 C:\Users\USER-PC\Desktop\spk-saw\public\index.php(45): CodeIgniter\CodeIgniter->run()
#8 C:\Users\USER-PC\Desktop\spk-saw\system\Commands\Server\rewrite.php(34): require_once('C:\\Users\\USER-P...')
#9 {main}
CRITICAL - 2021-11-27 08:39:43 --> Trying to access array offset on value of type null
#0 C:\Users\USER-PC\Desktop\spk-saw\app\Views\obat\edit.php(15): CodeIgniter\Debug\Exceptions->errorHandler(8, 'Trying to acces...', 'C:\\Users\\USER-P...', 15, Array)
#1 C:\Users\USER-PC\Desktop\spk-saw\system\View\View.php(246): include('C:\\Users\\USER-P...')
#2 C:\Users\USER-PC\Desktop\spk-saw\system\Common.php(1119): CodeIgniter\View\View->render('obat/edit', Array, true)
#3 C:\Users\USER-PC\Desktop\spk-saw\app\Controllers\Obat.php(142): view('obat/edit', Array)
#4 C:\Users\USER-PC\Desktop\spk-saw\system\CodeIgniter.php(918): App\Controllers\Obat->edit('favicon.ico')
#5 C:\Users\USER-PC\Desktop\spk-saw\system\CodeIgniter.php(404): CodeIgniter\CodeIgniter->runController(Object(App\Controllers\Obat))
#6 C:\Users\USER-PC\Desktop\spk-saw\system\CodeIgniter.php(312): CodeIgniter\CodeIgniter->handleRequest(NULL, Object(Config\Cache), false)
#7 C:\Users\USER-PC\Desktop\spk-saw\public\index.php(45): CodeIgniter\CodeIgniter->run()
#8 C:\Users\USER-PC\Desktop\spk-saw\system\Commands\Server\rewrite.php(34): require_once('C:\\Users\\USER-P...')
#9 {main}
CRITICAL - 2021-11-27 22:20:05 --> Undefined property: CodeIgniter\Database\MySQLi\Builder::$get
#0 C:\Users\USER-PC\Desktop\spk-saw\app\Models\HistoryModel.php(43): CodeIgniter\Debug\Exceptions->errorHandler(8, 'Undefined prope...', 'C:\\Users\\USER-P...', 43, Array)
#1 C:\Users\USER-PC\Desktop\spk-saw\app\Controllers\Dashboard.php(30): App\Models\HistoryModel->getMostFrequentResult()
#2 C:\Users\USER-PC\Desktop\spk-saw\system\CodeIgniter.php(918): App\Controllers\Dashboard->index()
#3 C:\Users\USER-PC\Desktop\spk-saw\system\CodeIgniter.php(404): CodeIgniter\CodeIgniter->runController(Object(App\Controllers\Dashboard))
#4 C:\Users\USER-PC\Desktop\spk-saw\system\CodeIgniter.php(312): CodeIgniter\CodeIgniter->handleRequest(NULL, Object(Config\Cache), false)
#5 C:\Users\USER-PC\Desktop\spk-saw\public\index.php(45): CodeIgniter\CodeIgniter->run()
#6 C:\Users\USER-PC\Desktop\spk-saw\system\Commands\Server\rewrite.php(34): require_once('C:\\Users\\USER-P...')
#7 {main}
CRITICAL - 2021-11-27 22:20:18 --> Unknown column 'history_obat_id' in 'group statement'
#0 C:\Users\USER-PC\Desktop\spk-saw\system\Database\MySQLi\Connection.php(331): mysqli->query('SELECT COUNT(`h...')
#1 C:\Users\USER-PC\Desktop\spk-saw\system\Database\BaseConnection.php(741): CodeIgniter\Database\MySQLi\Connection->execute('SELECT COUNT(`h...')
#2 C:\Users\USER-PC\Desktop\spk-saw\system\Database\BaseConnection.php(669): CodeIgniter\Database\BaseConnection->simpleQuery('SELECT COUNT(`h...')
#3 C:\Users\USER-PC\Desktop\spk-saw\system\Database\BaseBuilder.php(1860): CodeIgniter\Database\BaseConnection->query('SELECT COUNT(`h...', Array, false)
#4 C:\Users\USER-PC\Desktop\spk-saw\app\Models\HistoryModel.php(43): CodeIgniter\Database\BaseBuilder->get()
#5 C:\Users\USER-PC\Desktop\spk-saw\app\Controllers\Dashboard.php(30): App\Models\HistoryModel->getMostFrequentResult()
#6 C:\Users\USER-PC\Desktop\spk-saw\system\CodeIgniter.php(918): App\Controllers\Dashboard->index()
#7 C:\Users\USER-PC\Desktop\spk-saw\system\CodeIgniter.php(404): CodeIgniter\CodeIgniter->runController(Object(App\Controllers\Dashboard))
#8 C:\Users\USER-PC\Desktop\spk-saw\system\CodeIgniter.php(312): CodeIgniter\CodeIgniter->handleRequest(NULL, Object(Config\Cache), false)
#9 C:\Users\USER-PC\Desktop\spk-saw\public\index.php(45): CodeIgniter\CodeIgniter->run()
#10 C:\Users\USER-PC\Desktop\spk-saw\system\Commands\Server\rewrite.php(34): require_once('C:\\Users\\USER-P...')
#11 {main}
CRITICAL - 2021-11-27 22:20:42 --> Call to undefined method CodeIgniter\Database\MySQLi\Builder::getResultArray()
#0 C:\Users\USER-PC\Desktop\spk-saw\app\Controllers\Dashboard.php(30): App\Models\HistoryModel->getMostFrequentResult()
#1 C:\Users\USER-PC\Desktop\spk-saw\system\CodeIgniter.php(918): App\Controllers\Dashboard->index()
#2 C:\Users\USER-PC\Desktop\spk-saw\system\CodeIgniter.php(404): CodeIgniter\CodeIgniter->runController(Object(App\Controllers\Dashboard))
#3 C:\Users\USER-PC\Desktop\spk-saw\system\CodeIgniter.php(312): CodeIgniter\CodeIgniter->handleRequest(NULL, Object(Config\Cache), false)
#4 C:\Users\USER-PC\Desktop\spk-saw\public\index.php(45): CodeIgniter\CodeIgniter->run()
#5 C:\Users\USER-PC\Desktop\spk-saw\system\Commands\Server\rewrite.php(34): require_once('C:\\Users\\USER-P...')
#6 {main}
CRITICAL - 2021-11-27 22:22:07 --> syntax error, unexpected '}', expecting ';'
#0 C:\Users\USER-PC\Desktop\spk-saw\system\Autoloader\Autoloader.php(296): CodeIgniter\Autoloader\Autoloader->requireFile('C:\\Users\\USER-P...')
#1 C:\Users\USER-PC\Desktop\spk-saw\system\Autoloader\Autoloader.php(258): CodeIgniter\Autoloader\Autoloader->loadInNamespace('App\\Models\\Hist...')
#2 [internal function]: CodeIgniter\Autoloader\Autoloader->loadClass('App\\Models\\Hist...')
#3 C:\Users\USER-PC\Desktop\spk-saw\app\Controllers\Dashboard.php(15): spl_autoload_call('App\\Models\\Hist...')
#4 C:\Users\USER-PC\Desktop\spk-saw\system\CodeIgniter.php(890): App\Controllers\Dashboard->__construct()
#5 C:\Users\USER-PC\Desktop\spk-saw\system\CodeIgniter.php(399): CodeIgniter\CodeIgniter->createController()
#6 C:\Users\USER-PC\Desktop\spk-saw\system\CodeIgniter.php(312): CodeIgniter\CodeIgniter->handleRequest(NULL, Object(Config\Cache), false)
#7 C:\Users\USER-PC\Desktop\spk-saw\public\index.php(45): CodeIgniter\CodeIgniter->run()
#8 C:\Users\USER-PC\Desktop\spk-saw\system\Commands\Server\rewrite.php(34): require_once('C:\\Users\\USER-P...')
#9 {main}
CRITICAL - 2021-11-27 22:22:18 --> Call to undefined method CodeIgniter\Database\MySQLi\Builder::getResult()
#0 C:\Users\USER-PC\Desktop\spk-saw\app\Controllers\Dashboard.php(30): App\Models\HistoryModel->getMostFrequentResult()
#1 C:\Users\USER-PC\Desktop\spk-saw\system\CodeIgniter.php(918): App\Controllers\Dashboard->index()
#2 C:\Users\USER-PC\Desktop\spk-saw\system\CodeIgniter.php(404): CodeIgniter\CodeIgniter->runController(Object(App\Controllers\Dashboard))
#3 C:\Users\USER-PC\Desktop\spk-saw\system\CodeIgniter.php(312): CodeIgniter\CodeIgniter->handleRequest(NULL, Object(Config\Cache), false)
#4 C:\Users\USER-PC\Desktop\spk-saw\public\index.php(45): CodeIgniter\CodeIgniter->run()
#5 C:\Users\USER-PC\Desktop\spk-saw\system\Commands\Server\rewrite.php(34): require_once('C:\\Users\\USER-P...')
#6 {main}
CRITICAL - 2021-11-27 22:22:38 --> Class 'Array' not found
#0 [internal function]: CodeIgniter\Debug\Exceptions->shutdownHandler()
#1 {main}
CRITICAL - 2021-11-27 22:30:10 --> Undefined variable: mostFrequent
#0 C:\Users\USER-PC\Desktop\spk-saw\app\Views\dashboard.php(161): CodeIgniter\Debug\Exceptions->errorHandler(8, 'Undefined varia...', 'C:\\Users\\USER-P...', 161, Array)
#1 C:\Users\USER-PC\Desktop\spk-saw\system\View\View.php(246): include('C:\\Users\\USER-P...')
#2 C:\Users\USER-PC\Desktop\spk-saw\system\Common.php(1119): CodeIgniter\View\View->render('dashboard', Array, true)
#3 C:\Users\USER-PC\Desktop\spk-saw\app\Controllers\Dashboard.php(34): view('dashboard', Array)
#4 C:\Users\USER-PC\Desktop\spk-saw\system\CodeIgniter.php(918): App\Controllers\Dashboard->index()
#5 C:\Users\USER-PC\Desktop\spk-saw\system\CodeIgniter.php(404): CodeIgniter\CodeIgniter->runController(Object(App\Controllers\Dashboard))
#6 C:\Users\USER-PC\Desktop\spk-saw\system\CodeIgniter.php(312): CodeIgniter\CodeIgniter->handleRequest(NULL, Object(Config\Cache), false)
#7 C:\Users\USER-PC\Desktop\spk-saw\public\index.php(45): CodeIgniter\CodeIgniter->run()
#8 C:\Users\USER-PC\Desktop\spk-saw\system\Commands\Server\rewrite.php(34): require_once('C:\\Users\\USER-P...')
#9 {main}
CRITICAL - 2021-11-27 22:31:06 --> Column 'obat_id' in field list is ambiguous
#0 C:\Users\USER-PC\Desktop\spk-saw\system\Database\MySQLi\Connection.php(331): mysqli->query('SELECT `obat_id...')
#1 C:\Users\USER-PC\Desktop\spk-saw\system\Database\BaseConnection.php(741): CodeIgniter\Database\MySQLi\Connection->execute('SELECT `obat_id...')
#2 C:\Users\USER-PC\Desktop\spk-saw\system\Database\BaseConnection.php(669): CodeIgniter\Database\BaseConnection->simpleQuery('SELECT `obat_id...')
#3 C:\Users\USER-PC\Desktop\spk-saw\system\Database\BaseBuilder.php(1860): CodeIgniter\Database\BaseConnection->query('SELECT `obat_id...', Array, false)
#4 C:\Users\USER-PC\Desktop\spk-saw\app\Models\HistoryModel.php(45): CodeIgniter\Database\BaseBuilder->get()
#5 C:\Users\USER-PC\Desktop\spk-saw\app\Controllers\Dashboard.php(30): App\Models\HistoryModel->getMostFrequentResult()
#6 C:\Users\USER-PC\Desktop\spk-saw\system\CodeIgniter.php(918): App\Controllers\Dashboard->index()
#7 C:\Users\USER-PC\Desktop\spk-saw\system\CodeIgniter.php(404): CodeIgniter\CodeIgniter->runController(Object(App\Controllers\Dashboard))
#8 C:\Users\USER-PC\Desktop\spk-saw\system\CodeIgniter.php(312): CodeIgniter\CodeIgniter->handleRequest(NULL, Object(Config\Cache), false)
#9 C:\Users\USER-PC\Desktop\spk-saw\public\index.php(45): CodeIgniter\CodeIgniter->run()
#10 C:\Users\USER-PC\Desktop\spk-saw\system\Commands\Server\rewrite.php(34): require_once('C:\\Users\\USER-P...')
#11 {main}
