CRITICAL - 2021-10-18 09:34:41 --> The table name does not exist. Please check you database and try again.
#0 C:\Users\USER-PC\Desktop\spk-saw\app\Libraries\GroceryCrud.php(4450): App\Libraries\GroceryCrud->get_table()
#1 C:\Users\USER-PC\Desktop\spk-saw\app\Libraries\GroceryCrud.php(4467): App\Libraries\GroceryCrud->pre_render()
#2 C:\Users\USER-PC\Desktop\spk-saw\app\Controllers\Examples.php(13): App\Libraries\GroceryCrud->render()
#3 C:\Users\USER-PC\Desktop\spk-saw\system\CodeIgniter.php(918): App\Controllers\Examples->customers_management()
#4 C:\Users\USER-PC\Desktop\spk-saw\system\CodeIgniter.php(404): CodeIgniter\CodeIgniter->runController(Object(App\Controllers\Examples))
#5 C:\Users\USER-PC\Desktop\spk-saw\system\CodeIgniter.php(312): CodeIgniter\CodeIgniter->handleRequest(NULL, Object(Config\Cache), false)
#6 C:\Users\USER-PC\Desktop\spk-saw\public\index.php(45): CodeIgniter\CodeIgniter->run()
#7 C:\Users\USER-PC\Desktop\spk-saw\system\Commands\Server\rewrite.php(34): require_once('C:\\Users\\USER-P...')
#8 {main}
CRITICAL - 2021-10-18 09:37:44 --> The table name does not exist. Please check you database and try again.
#0 C:\Users\USER-PC\Desktop\spk-saw\app\Libraries\GroceryCrud.php(4450): App\Libraries\GroceryCrud->get_table()
#1 C:\Users\USER-PC\Desktop\spk-saw\app\Libraries\GroceryCrud.php(4467): App\Libraries\GroceryCrud->pre_render()
#2 C:\Users\USER-PC\Desktop\spk-saw\app\Controllers\Examples.php(106): App\Libraries\GroceryCrud->render()
#3 C:\Users\USER-PC\Desktop\spk-saw\system\CodeIgniter.php(918): App\Controllers\Examples->testCrud()
#4 C:\Users\USER-PC\Desktop\spk-saw\system\CodeIgniter.php(404): CodeIgniter\CodeIgniter->runController(Object(App\Controllers\Examples))
#5 C:\Users\USER-PC\Desktop\spk-saw\system\CodeIgniter.php(312): CodeIgniter\CodeIgniter->handleRequest(NULL, Object(Config\Cache), false)
#6 C:\Users\USER-PC\Desktop\spk-saw\public\index.php(45): CodeIgniter\CodeIgniter->run()
#7 C:\Users\USER-PC\Desktop\spk-saw\system\Commands\Server\rewrite.php(34): require_once('C:\\Users\\USER-P...')
#8 {main}
CRITICAL - 2021-10-18 09:44:25 --> The table name does not exist. Please check you database and try again.
#0 C:\Users\USER-PC\Desktop\spk-saw\app\Libraries\GroceryCrud.php(4450): App\Libraries\GroceryCrud->get_table()
#1 C:\Users\USER-PC\Desktop\spk-saw\app\Libraries\GroceryCrud.php(4467): App\Libraries\GroceryCrud->pre_render()
#2 C:\Users\USER-PC\Desktop\spk-saw\app\Controllers\Examples.php(106): App\Libraries\GroceryCrud->render()
#3 C:\Users\USER-PC\Desktop\spk-saw\system\CodeIgniter.php(918): App\Controllers\Examples->testCrud()
#4 C:\Users\USER-PC\Desktop\spk-saw\system\CodeIgniter.php(404): CodeIgniter\CodeIgniter->runController(Object(App\Controllers\Examples))
#5 C:\Users\USER-PC\Desktop\spk-saw\system\CodeIgniter.php(312): CodeIgniter\CodeIgniter->handleRequest(NULL, Object(Config\Cache), false)
#6 C:\Users\USER-PC\Desktop\spk-saw\public\index.php(45): CodeIgniter\CodeIgniter->run()
#7 C:\Users\USER-PC\Desktop\spk-saw\system\Commands\Server\rewrite.php(34): require_once('C:\\Users\\USER-P...')
#8 {main}
CRITICAL - 2021-10-18 09:44:28 --> The table name does not exist. Please check you database and try again.
#0 C:\Users\USER-PC\Desktop\spk-saw\app\Libraries\GroceryCrud.php(4450): App\Libraries\GroceryCrud->get_table()
#1 C:\Users\USER-PC\Desktop\spk-saw\app\Libraries\GroceryCrud.php(4467): App\Libraries\GroceryCrud->pre_render()
#2 C:\Users\USER-PC\Desktop\spk-saw\app\Controllers\Examples.php(106): App\Libraries\GroceryCrud->render()
#3 C:\Users\USER-PC\Desktop\spk-saw\system\CodeIgniter.php(918): App\Controllers\Examples->testCrud()
#4 C:\Users\USER-PC\Desktop\spk-saw\system\CodeIgniter.php(404): CodeIgniter\CodeIgniter->runController(Object(App\Controllers\Examples))
#5 C:\Users\USER-PC\Desktop\spk-saw\system\CodeIgniter.php(312): CodeIgniter\CodeIgniter->handleRequest(NULL, Object(Config\Cache), false)
#6 C:\Users\USER-PC\Desktop\spk-saw\public\index.php(45): CodeIgniter\CodeIgniter->run()
#7 C:\Users\USER-PC\Desktop\spk-saw\system\Commands\Server\rewrite.php(34): require_once('C:\\Users\\USER-P...')
#8 {main}
CRITICAL - 2021-10-18 09:45:22 --> Class 'App\Controllers\GroceryCrud' not found
#0 C:\Users\USER-PC\Desktop\spk-saw\system\CodeIgniter.php(918): App\Controllers\haha->testCrud()
#1 C:\Users\USER-PC\Desktop\spk-saw\system\CodeIgniter.php(404): CodeIgniter\CodeIgniter->runController(Object(App\Controllers\haha))
#2 C:\Users\USER-PC\Desktop\spk-saw\system\CodeIgniter.php(312): CodeIgniter\CodeIgniter->handleRequest(NULL, Object(Config\Cache), false)
#3 C:\Users\USER-PC\Desktop\spk-saw\public\index.php(45): CodeIgniter\CodeIgniter->run()
#4 C:\Users\USER-PC\Desktop\spk-saw\system\Commands\Server\rewrite.php(34): require_once('C:\\Users\\USER-P...')
#5 {main}
CRITICAL - 2021-10-18 09:45:40 --> The table name does not exist. Please check you database and try again.
#0 C:\Users\USER-PC\Desktop\spk-saw\app\Libraries\GroceryCrud.php(4450): App\Libraries\GroceryCrud->get_table()
#1 C:\Users\USER-PC\Desktop\spk-saw\app\Libraries\GroceryCrud.php(4467): App\Libraries\GroceryCrud->pre_render()
#2 C:\Users\USER-PC\Desktop\spk-saw\app\Controllers\haha.php(28): App\Libraries\GroceryCrud->render()
#3 C:\Users\USER-PC\Desktop\spk-saw\system\CodeIgniter.php(918): App\Controllers\haha->testCrud()
#4 C:\Users\USER-PC\Desktop\spk-saw\system\CodeIgniter.php(404): CodeIgniter\CodeIgniter->runController(Object(App\Controllers\haha))
#5 C:\Users\USER-PC\Desktop\spk-saw\system\CodeIgniter.php(312): CodeIgniter\CodeIgniter->handleRequest(NULL, Object(Config\Cache), false)
#6 C:\Users\USER-PC\Desktop\spk-saw\public\index.php(45): CodeIgniter\CodeIgniter->run()
#7 C:\Users\USER-PC\Desktop\spk-saw\system\Commands\Server\rewrite.php(34): require_once('C:\\Users\\USER-P...')
#8 {main}
CRITICAL - 2021-10-18 09:46:45 --> The table name does not exist. Please check you database and try again.
#0 C:\Users\USER-PC\Desktop\spk-saw\app\Libraries\GroceryCrud.php(4450): App\Libraries\GroceryCrud->get_table()
#1 C:\Users\USER-PC\Desktop\spk-saw\app\Libraries\GroceryCrud.php(4467): App\Libraries\GroceryCrud->pre_render()
#2 C:\Users\USER-PC\Desktop\spk-saw\app\Controllers\haha.php(28): App\Libraries\GroceryCrud->render()
#3 C:\Users\USER-PC\Desktop\spk-saw\system\CodeIgniter.php(918): App\Controllers\haha->testCrud()
#4 C:\Users\USER-PC\Desktop\spk-saw\system\CodeIgniter.php(404): CodeIgniter\CodeIgniter->runController(Object(App\Controllers\haha))
#5 C:\Users\USER-PC\Desktop\spk-saw\system\CodeIgniter.php(312): CodeIgniter\CodeIgniter->handleRequest(NULL, Object(Config\Cache), false)
#6 C:\Users\USER-PC\Desktop\spk-saw\public\index.php(45): CodeIgniter\CodeIgniter->run()
#7 C:\Users\USER-PC\Desktop\spk-saw\system\Commands\Server\rewrite.php(34): require_once('C:\\Users\\USER-P...')
#8 {main}
CRITICAL - 2021-10-18 09:46:48 --> The table name does not exist. Please check you database and try again.
#0 C:\Users\USER-PC\Desktop\spk-saw\app\Libraries\GroceryCrud.php(4450): App\Libraries\GroceryCrud->get_table()
#1 C:\Users\USER-PC\Desktop\spk-saw\app\Libraries\GroceryCrud.php(4467): App\Libraries\GroceryCrud->pre_render()
#2 C:\Users\USER-PC\Desktop\spk-saw\app\Controllers\haha.php(28): App\Libraries\GroceryCrud->render()
#3 C:\Users\USER-PC\Desktop\spk-saw\system\CodeIgniter.php(918): App\Controllers\haha->testCrud()
#4 C:\Users\USER-PC\Desktop\spk-saw\system\CodeIgniter.php(404): CodeIgniter\CodeIgniter->runController(Object(App\Controllers\haha))
#5 C:\Users\USER-PC\Desktop\spk-saw\system\CodeIgniter.php(312): CodeIgniter\CodeIgniter->handleRequest(NULL, Object(Config\Cache), false)
#6 C:\Users\USER-PC\Desktop\spk-saw\public\index.php(45): CodeIgniter\CodeIgniter->run()
#7 C:\Users\USER-PC\Desktop\spk-saw\system\Commands\Server\rewrite.php(34): require_once('C:\\Users\\USER-P...')
#8 {main}
CRITICAL - 2021-10-18 09:46:48 --> The table name does not exist. Please check you database and try again.
#0 C:\Users\USER-PC\Desktop\spk-saw\app\Libraries\GroceryCrud.php(4450): App\Libraries\GroceryCrud->get_table()
#1 C:\Users\USER-PC\Desktop\spk-saw\app\Libraries\GroceryCrud.php(4467): App\Libraries\GroceryCrud->pre_render()
#2 C:\Users\USER-PC\Desktop\spk-saw\app\Controllers\haha.php(28): App\Libraries\GroceryCrud->render()
#3 C:\Users\USER-PC\Desktop\spk-saw\system\CodeIgniter.php(918): App\Controllers\haha->testCrud()
#4 C:\Users\USER-PC\Desktop\spk-saw\system\CodeIgniter.php(404): CodeIgniter\CodeIgniter->runController(Object(App\Controllers\haha))
#5 C:\Users\USER-PC\Desktop\spk-saw\system\CodeIgniter.php(312): CodeIgniter\CodeIgniter->handleRequest(NULL, Object(Config\Cache), false)
#6 C:\Users\USER-PC\Desktop\spk-saw\public\index.php(45): CodeIgniter\CodeIgniter->run()
#7 C:\Users\USER-PC\Desktop\spk-saw\system\Commands\Server\rewrite.php(34): require_once('C:\\Users\\USER-P...')
#8 {main}
CRITICAL - 2021-10-18 09:51:39 --> Undefined property: stdClass::$
#0 C:\Users\USER-PC\Desktop\spk-saw\app\Libraries\GroceryCrud.php(1553): CodeIgniter\Debug\Exceptions->errorHandler(8, 'Undefined prope...', 'C:\\Users\\USER-P...', 1553, Array)
#1 C:\Users\USER-PC\Desktop\spk-saw\app\Libraries\GroceryCrud.php(4496): App\Libraries\grocery_CRUD_Layout->showList(false, Object(stdClass))
#2 C:\Users\USER-PC\Desktop\spk-saw\app\Controllers\Examples.php(106): App\Libraries\GroceryCrud->render()
#3 C:\Users\USER-PC\Desktop\spk-saw\system\CodeIgniter.php(918): App\Controllers\Examples->testCrud()
#4 C:\Users\USER-PC\Desktop\spk-saw\system\CodeIgniter.php(404): CodeIgniter\CodeIgniter->runController(Object(App\Controllers\Examples))
#5 C:\Users\USER-PC\Desktop\spk-saw\system\CodeIgniter.php(312): CodeIgniter\CodeIgniter->handleRequest(NULL, Object(Config\Cache), false)
#6 C:\Users\USER-PC\Desktop\spk-saw\public\index.php(45): CodeIgniter\CodeIgniter->run()
#7 C:\Users\USER-PC\Desktop\spk-saw\system\Commands\Server\rewrite.php(34): require_once('C:\\Users\\USER-P...')
#8 {main}
CRITICAL - 2021-10-18 09:54:21 --> The table name does not exist. Please check you database and try again.
#0 C:\Users\USER-PC\Desktop\spk-saw\app\Libraries\GroceryCrud.php(4450): App\Libraries\GroceryCrud->get_table()
#1 C:\Users\USER-PC\Desktop\spk-saw\app\Libraries\GroceryCrud.php(4467): App\Libraries\GroceryCrud->pre_render()
#2 C:\Users\USER-PC\Desktop\spk-saw\app\Controllers\Examples.php(94): App\Libraries\GroceryCrud->render()
#3 C:\Users\USER-PC\Desktop\spk-saw\system\CodeIgniter.php(918): App\Controllers\Examples->film_management()
#4 C:\Users\USER-PC\Desktop\spk-saw\system\CodeIgniter.php(404): CodeIgniter\CodeIgniter->runController(Object(App\Controllers\Examples))
#5 C:\Users\USER-PC\Desktop\spk-saw\system\CodeIgniter.php(312): CodeIgniter\CodeIgniter->handleRequest(NULL, Object(Config\Cache), false)
#6 C:\Users\USER-PC\Desktop\spk-saw\public\index.php(45): CodeIgniter\CodeIgniter->run()
#7 C:\Users\USER-PC\Desktop\spk-saw\system\Commands\Server\rewrite.php(34): require_once('C:\\Users\\USER-P...')
#8 {main}
CRITICAL - 2021-10-18 09:56:14 --> Call to undefined method App\Libraries\GroceryCrud::setSkin()
#0 C:\Users\USER-PC\Desktop\spk-saw\system\CodeIgniter.php(918): App\Controllers\Examples->testCrud('success', '1')
#1 C:\Users\USER-PC\Desktop\spk-saw\system\CodeIgniter.php(404): CodeIgniter\CodeIgniter->runController(Object(App\Controllers\Examples))
#2 C:\Users\USER-PC\Desktop\spk-saw\system\CodeIgniter.php(312): CodeIgniter\CodeIgniter->handleRequest(NULL, Object(Config\Cache), false)
#3 C:\Users\USER-PC\Desktop\spk-saw\public\index.php(45): CodeIgniter\CodeIgniter->run()
#4 C:\Users\USER-PC\Desktop\spk-saw\system\Commands\Server\rewrite.php(34): require_once('C:\\Users\\USER-P...')
#5 {main}
CRITICAL - 2021-10-18 09:56:19 --> Call to undefined method App\Libraries\GroceryCrud::setSkin()
#0 C:\Users\USER-PC\Desktop\spk-saw\system\CodeIgniter.php(918): App\Controllers\Examples->testCrud()
#1 C:\Users\USER-PC\Desktop\spk-saw\system\CodeIgniter.php(404): CodeIgniter\CodeIgniter->runController(Object(App\Controllers\Examples))
#2 C:\Users\USER-PC\Desktop\spk-saw\system\CodeIgniter.php(312): CodeIgniter\CodeIgniter->handleRequest(NULL, Object(Config\Cache), false)
#3 C:\Users\USER-PC\Desktop\spk-saw\public\index.php(45): CodeIgniter\CodeIgniter->run()
#4 C:\Users\USER-PC\Desktop\spk-saw\system\Commands\Server\rewrite.php(34): require_once('C:\\Users\\USER-P...')
#5 {main}
CRITICAL - 2021-10-18 11:04:06 --> Call to undefined method CodeIgniter\Validation\Validation::errors()
#0 C:\Users\USER-PC\Desktop\spk-saw\system\View\View.php(246): include()
#1 C:\Users\USER-PC\Desktop\spk-saw\system\Common.php(1119): CodeIgniter\View\View->render('crud1/tambah', Array, true)
#2 C:\Users\USER-PC\Desktop\spk-saw\app\Controllers\Crud1.php(29): view('crud1/tambah', Array)
#3 C:\Users\USER-PC\Desktop\spk-saw\system\CodeIgniter.php(918): App\Controllers\Crud1->tambah()
#4 C:\Users\USER-PC\Desktop\spk-saw\system\CodeIgniter.php(404): CodeIgniter\CodeIgniter->runController(Object(App\Controllers\Crud1))
#5 C:\Users\USER-PC\Desktop\spk-saw\system\CodeIgniter.php(312): CodeIgniter\CodeIgniter->handleRequest(NULL, Object(Config\Cache), false)
#6 C:\Users\USER-PC\Desktop\spk-saw\public\index.php(45): CodeIgniter\CodeIgniter->run()
#7 C:\Users\USER-PC\Desktop\spk-saw\system\Commands\Server\rewrite.php(34): require_once('C:\\Users\\USER-P...')
#8 {main}
CRITICAL - 2021-10-18 11:04:10 --> Call to undefined method CodeIgniter\Validation\Validation::errors()
#0 C:\Users\USER-PC\Desktop\spk-saw\system\View\View.php(246): include()
#1 C:\Users\USER-PC\Desktop\spk-saw\system\Common.php(1119): CodeIgniter\View\View->render('crud1/tambah', Array, true)
#2 C:\Users\USER-PC\Desktop\spk-saw\app\Controllers\Crud1.php(29): view('crud1/tambah', Array)
#3 C:\Users\USER-PC\Desktop\spk-saw\system\CodeIgniter.php(918): App\Controllers\Crud1->tambah()
#4 C:\Users\USER-PC\Desktop\spk-saw\system\CodeIgniter.php(404): CodeIgniter\CodeIgniter->runController(Object(App\Controllers\Crud1))
#5 C:\Users\USER-PC\Desktop\spk-saw\system\CodeIgniter.php(312): CodeIgniter\CodeIgniter->handleRequest(NULL, Object(Config\Cache), false)
#6 C:\Users\USER-PC\Desktop\spk-saw\public\index.php(45): CodeIgniter\CodeIgniter->run()
#7 C:\Users\USER-PC\Desktop\spk-saw\system\Commands\Server\rewrite.php(34): require_once('C:\\Users\\USER-P...')
#8 {main}
