CRITICAL - 2021-12-05 08:39:01 --> Undefined variable: session
#0 C:\Users\USER-PC\Desktop\spk-saw\app\Views\template\navbar.php(22): CodeIgniter\Debug\Exceptions->errorHandler(8, 'Undefined varia...', 'C:\\Users\\USER-P...', 22, Array)
#1 C:\Users\USER-PC\Desktop\spk-saw\system\View\View.php(246): include('C:\\Users\\USER-P...')
#2 C:\Users\USER-PC\Desktop\spk-saw\system\View\View.php(525): CodeIgniter\View\View->render('template/navbar', NULL, true)
#3 C:\Users\USER-PC\Desktop\spk-saw\app\Views\obat\print.php(30): CodeIgniter\View\View->include('template/navbar')
#4 C:\Users\USER-PC\Desktop\spk-saw\system\View\View.php(246): include('C:\\Users\\USER-P...')
#5 C:\Users\USER-PC\Desktop\spk-saw\system\Common.php(1119): CodeIgniter\View\View->render('obat/print', Array, true)
#6 C:\Users\USER-PC\Desktop\spk-saw\app\Controllers\Obat.php(281): view('obat/print', Array)
#7 C:\Users\USER-PC\Desktop\spk-saw\system\CodeIgniter.php(918): App\Controllers\Obat->print()
#8 C:\Users\USER-PC\Desktop\spk-saw\system\CodeIgniter.php(404): CodeIgniter\CodeIgniter->runController(Object(App\Controllers\Obat))
#9 C:\Users\USER-PC\Desktop\spk-saw\system\CodeIgniter.php(312): CodeIgniter\CodeIgniter->handleRequest(NULL, Object(Config\Cache), false)
#10 C:\Users\USER-PC\Desktop\spk-saw\public\index.php(45): CodeIgniter\CodeIgniter->run()
#11 C:\Users\USER-PC\Desktop\spk-saw\system\Commands\Server\rewrite.php(34): require_once('C:\\Users\\USER-P...')
#12 {main}
CRITICAL - 2021-12-05 08:43:34 --> Undefined index: supplier_nama
#0 C:\Users\USER-PC\Desktop\spk-saw\app\Views\obat\print.php(60): CodeIgniter\Debug\Exceptions->errorHandler(8, 'Undefined index...', 'C:\\Users\\USER-P...', 60, Array)
#1 C:\Users\USER-PC\Desktop\spk-saw\system\View\View.php(246): include('C:\\Users\\USER-P...')
#2 C:\Users\USER-PC\Desktop\spk-saw\system\Common.php(1119): CodeIgniter\View\View->render('obat/print', Array, true)
#3 C:\Users\USER-PC\Desktop\spk-saw\app\Controllers\Obat.php(283): view('obat/print', Array)
#4 C:\Users\USER-PC\Desktop\spk-saw\system\CodeIgniter.php(918): App\Controllers\Obat->print()
#5 C:\Users\USER-PC\Desktop\spk-saw\system\CodeIgniter.php(404): CodeIgniter\CodeIgniter->runController(Object(App\Controllers\Obat))
#6 C:\Users\USER-PC\Desktop\spk-saw\system\CodeIgniter.php(312): CodeIgniter\CodeIgniter->handleRequest(NULL, Object(Config\Cache), false)
#7 C:\Users\USER-PC\Desktop\spk-saw\public\index.php(45): CodeIgniter\CodeIgniter->run()
#8 C:\Users\USER-PC\Desktop\spk-saw\system\Commands\Server\rewrite.php(34): require_once('C:\\Users\\USER-P...')
#9 {main}
CRITICAL - 2021-12-05 08:45:35 --> Undefined index: supplier_nama
#0 C:\Users\USER-PC\Desktop\spk-saw\app\Views\obat\print.php(60): CodeIgniter\Debug\Exceptions->errorHandler(8, 'Undefined index...', 'C:\\Users\\USER-P...', 60, Array)
#1 C:\Users\USER-PC\Desktop\spk-saw\system\View\View.php(246): include('C:\\Users\\USER-P...')
#2 C:\Users\USER-PC\Desktop\spk-saw\system\Common.php(1119): CodeIgniter\View\View->render('obat/print', Array, true)
#3 C:\Users\USER-PC\Desktop\spk-saw\app\Controllers\Obat.php(283): view('obat/print', Array)
#4 C:\Users\USER-PC\Desktop\spk-saw\system\CodeIgniter.php(918): App\Controllers\Obat->print()
#5 C:\Users\USER-PC\Desktop\spk-saw\system\CodeIgniter.php(404): CodeIgniter\CodeIgniter->runController(Object(App\Controllers\Obat))
#6 C:\Users\USER-PC\Desktop\spk-saw\system\CodeIgniter.php(312): CodeIgniter\CodeIgniter->handleRequest(NULL, Object(Config\Cache), false)
#7 C:\Users\USER-PC\Desktop\spk-saw\public\index.php(45): CodeIgniter\CodeIgniter->run()
#8 C:\Users\USER-PC\Desktop\spk-saw\system\Commands\Server\rewrite.php(34): require_once('C:\\Users\\USER-P...')
#9 {main}
CRITICAL - 2021-12-05 08:45:52 --> Too few arguments to function App\Models\ObatModel::getObatSupplier(), 0 passed in C:\Users\USER-PC\Desktop\spk-saw\app\Controllers\Obat.php on line 28 and exactly 1 expected
#0 C:\Users\USER-PC\Desktop\spk-saw\app\Controllers\Obat.php(28): App\Models\ObatModel->getObatSupplier()
#1 C:\Users\USER-PC\Desktop\spk-saw\system\CodeIgniter.php(918): App\Controllers\Obat->index()
#2 C:\Users\USER-PC\Desktop\spk-saw\system\CodeIgniter.php(404): CodeIgniter\CodeIgniter->runController(Object(App\Controllers\Obat))
#3 C:\Users\USER-PC\Desktop\spk-saw\system\CodeIgniter.php(312): CodeIgniter\CodeIgniter->handleRequest(NULL, Object(Config\Cache), false)
#4 C:\Users\USER-PC\Desktop\spk-saw\public\index.php(45): CodeIgniter\CodeIgniter->run()
#5 C:\Users\USER-PC\Desktop\spk-saw\system\Commands\Server\rewrite.php(34): require_once('C:\\Users\\USER-P...')
#6 {main}
CRITICAL - 2021-12-05 08:45:53 --> Too few arguments to function App\Models\ObatModel::getObatSupplier(), 0 passed in C:\Users\USER-PC\Desktop\spk-saw\app\Controllers\Obat.php on line 28 and exactly 1 expected
#0 C:\Users\USER-PC\Desktop\spk-saw\app\Controllers\Obat.php(28): App\Models\ObatModel->getObatSupplier()
#1 C:\Users\USER-PC\Desktop\spk-saw\system\CodeIgniter.php(918): App\Controllers\Obat->index()
#2 C:\Users\USER-PC\Desktop\spk-saw\system\CodeIgniter.php(404): CodeIgniter\CodeIgniter->runController(Object(App\Controllers\Obat))
#3 C:\Users\USER-PC\Desktop\spk-saw\system\CodeIgniter.php(312): CodeIgniter\CodeIgniter->handleRequest(NULL, Object(Config\Cache), false)
#4 C:\Users\USER-PC\Desktop\spk-saw\public\index.php(45): CodeIgniter\CodeIgniter->run()
#5 C:\Users\USER-PC\Desktop\spk-saw\system\Commands\Server\rewrite.php(34): require_once('C:\\Users\\USER-P...')
#6 {main}
CRITICAL - 2021-12-05 09:12:48 --> Undefined variable: date
#0 C:\Users\USER-PC\Desktop\spk-saw\app\Views\supplier\print.php(34): CodeIgniter\Debug\Exceptions->errorHandler(8, 'Undefined varia...', 'C:\\Users\\USER-P...', 34, Array)
#1 C:\Users\USER-PC\Desktop\spk-saw\system\View\View.php(246): include('C:\\Users\\USER-P...')
#2 C:\Users\USER-PC\Desktop\spk-saw\system\Common.php(1119): CodeIgniter\View\View->render('supplier/print', Array, true)
#3 C:\Users\USER-PC\Desktop\spk-saw\app\Controllers\Supplier.php(206): view('supplier/print', Array)
#4 C:\Users\USER-PC\Desktop\spk-saw\system\CodeIgniter.php(918): App\Controllers\Supplier->print()
#5 C:\Users\USER-PC\Desktop\spk-saw\system\CodeIgniter.php(404): CodeIgniter\CodeIgniter->runController(Object(App\Controllers\Supplier))
#6 C:\Users\USER-PC\Desktop\spk-saw\system\CodeIgniter.php(312): CodeIgniter\CodeIgniter->handleRequest(NULL, Object(Config\Cache), false)
#7 C:\Users\USER-PC\Desktop\spk-saw\public\index.php(45): CodeIgniter\CodeIgniter->run()
#8 C:\Users\USER-PC\Desktop\spk-saw\system\Commands\Server\rewrite.php(34): require_once('C:\\Users\\USER-P...')
#9 {main}
CRITICAL - 2021-12-05 09:21:39 --> Undefined property: App\Controllers\Kriteria::$variabelModel
#0 C:\Users\USER-PC\Desktop\spk-saw\app\Controllers\Kriteria.php(98): CodeIgniter\Debug\Exceptions->errorHandler(8, 'Undefined prope...', 'C:\\Users\\USER-P...', 98, Array)
#1 C:\Users\USER-PC\Desktop\spk-saw\system\CodeIgniter.php(918): App\Controllers\Kriteria->print()
#2 C:\Users\USER-PC\Desktop\spk-saw\system\CodeIgniter.php(404): CodeIgniter\CodeIgniter->runController(Object(App\Controllers\Kriteria))
#3 C:\Users\USER-PC\Desktop\spk-saw\system\CodeIgniter.php(312): CodeIgniter\CodeIgniter->handleRequest(NULL, Object(Config\Cache), false)
#4 C:\Users\USER-PC\Desktop\spk-saw\public\index.php(45): CodeIgniter\CodeIgniter->run()
#5 C:\Users\USER-PC\Desktop\spk-saw\system\Commands\Server\rewrite.php(34): require_once('C:\\Users\\USER-P...')
#6 {main}
CRITICAL - 2021-12-05 09:47:46 --> Invalid file: hitung/print_history.php
#0 C:\Users\USER-PC\Desktop\spk-saw\system\View\View.php(228): CodeIgniter\Exceptions\FrameworkException::forInvalidFile('hitung/print_hi...')
#1 C:\Users\USER-PC\Desktop\spk-saw\system\Common.php(1119): CodeIgniter\View\View->render('hitung/print_hi...', Array, true)
#2 C:\Users\USER-PC\Desktop\spk-saw\app\Controllers\Hitung.php(138): view('hitung/print_hi...', Array)
#3 C:\Users\USER-PC\Desktop\spk-saw\system\CodeIgniter.php(918): App\Controllers\Hitung->print_history()
#4 C:\Users\USER-PC\Desktop\spk-saw\system\CodeIgniter.php(404): CodeIgniter\CodeIgniter->runController(Object(App\Controllers\Hitung))
#5 C:\Users\USER-PC\Desktop\spk-saw\system\CodeIgniter.php(312): CodeIgniter\CodeIgniter->handleRequest(NULL, Object(Config\Cache), false)
#6 C:\Users\USER-PC\Desktop\spk-saw\public\index.php(45): CodeIgniter\CodeIgniter->run()
#7 C:\Users\USER-PC\Desktop\spk-saw\system\Commands\Server\rewrite.php(34): require_once('C:\\Users\\USER-P...')
#8 {main}
CRITICAL - 2021-12-05 09:47:59 --> Undefined variable: supplier
#0 C:\Users\USER-PC\Desktop\spk-saw\app\Views\hitung\print.php(47): CodeIgniter\Debug\Exceptions->errorHandler(8, 'Undefined varia...', 'C:\\Users\\USER-P...', 47, Array)
#1 C:\Users\USER-PC\Desktop\spk-saw\system\View\View.php(246): include('C:\\Users\\USER-P...')
#2 C:\Users\USER-PC\Desktop\spk-saw\system\Common.php(1119): CodeIgniter\View\View->render('hitung/print', Array, true)
#3 C:\Users\USER-PC\Desktop\spk-saw\app\Controllers\Hitung.php(138): view('hitung/print', Array)
#4 C:\Users\USER-PC\Desktop\spk-saw\system\CodeIgniter.php(918): App\Controllers\Hitung->print_history()
#5 C:\Users\USER-PC\Desktop\spk-saw\system\CodeIgniter.php(404): CodeIgniter\CodeIgniter->runController(Object(App\Controllers\Hitung))
#6 C:\Users\USER-PC\Desktop\spk-saw\system\CodeIgniter.php(312): CodeIgniter\CodeIgniter->handleRequest(NULL, Object(Config\Cache), false)
#7 C:\Users\USER-PC\Desktop\spk-saw\public\index.php(45): CodeIgniter\CodeIgniter->run()
#8 C:\Users\USER-PC\Desktop\spk-saw\system\Commands\Server\rewrite.php(34): require_once('C:\\Users\\USER-P...')
#9 {main}
CRITICAL - 2021-12-05 09:48:03 --> Undefined variable: supplier
#0 C:\Users\USER-PC\Desktop\spk-saw\app\Views\hitung\print.php(47): CodeIgniter\Debug\Exceptions->errorHandler(8, 'Undefined varia...', 'C:\\Users\\USER-P...', 47, Array)
#1 C:\Users\USER-PC\Desktop\spk-saw\system\View\View.php(246): include('C:\\Users\\USER-P...')
#2 C:\Users\USER-PC\Desktop\spk-saw\system\Common.php(1119): CodeIgniter\View\View->render('hitung/print', Array, true)
#3 C:\Users\USER-PC\Desktop\spk-saw\app\Controllers\Hitung.php(138): view('hitung/print', Array)
#4 C:\Users\USER-PC\Desktop\spk-saw\system\CodeIgniter.php(918): App\Controllers\Hitung->print_history()
#5 C:\Users\USER-PC\Desktop\spk-saw\system\CodeIgniter.php(404): CodeIgniter\CodeIgniter->runController(Object(App\Controllers\Hitung))
#6 C:\Users\USER-PC\Desktop\spk-saw\system\CodeIgniter.php(312): CodeIgniter\CodeIgniter->handleRequest(NULL, Object(Config\Cache), false)
#7 C:\Users\USER-PC\Desktop\spk-saw\public\index.php(45): CodeIgniter\CodeIgniter->run()
#8 C:\Users\USER-PC\Desktop\spk-saw\system\Commands\Server\rewrite.php(34): require_once('C:\\Users\\USER-P...')
#9 {main}
CRITICAL - 2021-12-05 10:00:21 --> syntax error, unexpected '}'
#0 C:\Users\USER-PC\Desktop\spk-saw\system\Router\Router.php(195): CodeIgniter\Router\Router->autoRoute('hitung/kalkulas...')
#1 C:\Users\USER-PC\Desktop\spk-saw\system\CodeIgniter.php(793): CodeIgniter\Router\Router->handle('hitung/kalkulas...')
#2 C:\Users\USER-PC\Desktop\spk-saw\system\CodeIgniter.php(364): CodeIgniter\CodeIgniter->tryToRouteIt(Object(CodeIgniter\Router\RouteCollection))
#3 C:\Users\USER-PC\Desktop\spk-saw\system\CodeIgniter.php(312): CodeIgniter\CodeIgniter->handleRequest(NULL, Object(Config\Cache), false)
#4 C:\Users\USER-PC\Desktop\spk-saw\public\index.php(45): CodeIgniter\CodeIgniter->run()
#5 C:\Users\USER-PC\Desktop\spk-saw\system\Commands\Server\rewrite.php(34): require_once('C:\\Users\\USER-P...')
#6 {main}
CRITICAL - 2021-12-05 10:25:03 --> Undefined variable: date
#0 C:\Users\USER-PC\Desktop\spk-saw\app\Views\hitung\print_hasil.php(37): CodeIgniter\Debug\Exceptions->errorHandler(8, 'Undefined varia...', 'C:\\Users\\USER-P...', 37, Array)
#1 C:\Users\USER-PC\Desktop\spk-saw\system\View\View.php(246): include('C:\\Users\\USER-P...')
#2 C:\Users\USER-PC\Desktop\spk-saw\system\Common.php(1119): CodeIgniter\View\View->render('hitung/print_ha...', Array, true)
#3 C:\Users\USER-PC\Desktop\spk-saw\app\Controllers\Hitung.php(116): view('hitung/print_ha...', Array)
#4 C:\Users\USER-PC\Desktop\spk-saw\system\CodeIgniter.php(918): App\Controllers\Hitung->kalkulasi('true')
#5 C:\Users\USER-PC\Desktop\spk-saw\system\CodeIgniter.php(404): CodeIgniter\CodeIgniter->runController(Object(App\Controllers\Hitung))
#6 C:\Users\USER-PC\Desktop\spk-saw\system\CodeIgniter.php(312): CodeIgniter\CodeIgniter->handleRequest(NULL, Object(Config\Cache), false)
#7 C:\Users\USER-PC\Desktop\spk-saw\public\index.php(45): CodeIgniter\CodeIgniter->run()
#8 C:\Users\USER-PC\Desktop\spk-saw\system\Commands\Server\rewrite.php(34): require_once('C:\\Users\\USER-P...')
#9 {main}
CRITICAL - 2021-12-05 11:07:17 --> Undefined index: obat_id
#0 C:\Users\USER-PC\Desktop\spk-saw\app\Views\hitung\print_hasil.php(57): CodeIgniter\Debug\Exceptions->errorHandler(8, 'Undefined index...', 'C:\\Users\\USER-P...', 57, Array)
#1 C:\Users\USER-PC\Desktop\spk-saw\system\View\View.php(246): include('C:\\Users\\USER-P...')
#2 C:\Users\USER-PC\Desktop\spk-saw\system\Common.php(1119): CodeIgniter\View\View->render('hitung/print_ha...', Array, true)
#3 C:\Users\USER-PC\Desktop\spk-saw\app\Controllers\Hitung.php(127): view('hitung/print_ha...', Array)
#4 C:\Users\USER-PC\Desktop\spk-saw\system\CodeIgniter.php(918): App\Controllers\Hitung->kalkulasi('true')
#5 C:\Users\USER-PC\Desktop\spk-saw\system\CodeIgniter.php(404): CodeIgniter\CodeIgniter->runController(Object(App\Controllers\Hitung))
#6 C:\Users\USER-PC\Desktop\spk-saw\system\CodeIgniter.php(312): CodeIgniter\CodeIgniter->handleRequest(NULL, Object(Config\Cache), false)
#7 C:\Users\USER-PC\Desktop\spk-saw\public\index.php(45): CodeIgniter\CodeIgniter->run()
#8 C:\Users\USER-PC\Desktop\spk-saw\system\Commands\Server\rewrite.php(34): require_once('C:\\Users\\USER-P...')
#9 {main}
CRITICAL - 2021-12-05 11:14:43 --> Undefined index: history_id
#0 C:\Users\USER-PC\Desktop\spk-saw\app\Controllers\Hitung.php(132): CodeIgniter\Debug\Exceptions->errorHandler(8, 'Undefined index...', 'C:\\Users\\USER-P...', 132, Array)
#1 C:\Users\USER-PC\Desktop\spk-saw\system\CodeIgniter.php(918): App\Controllers\Hitung->kalkulasi('favicon.ico')
#2 C:\Users\USER-PC\Desktop\spk-saw\system\CodeIgniter.php(404): CodeIgniter\CodeIgniter->runController(Object(App\Controllers\Hitung))
#3 C:\Users\USER-PC\Desktop\spk-saw\system\CodeIgniter.php(312): CodeIgniter\CodeIgniter->handleRequest(NULL, Object(Config\Cache), false)
#4 C:\Users\USER-PC\Desktop\spk-saw\public\index.php(45): CodeIgniter\CodeIgniter->run()
#5 C:\Users\USER-PC\Desktop\spk-saw\system\Commands\Server\rewrite.php(34): require_once('C:\\Users\\USER-P...')
#6 {main}
CRITICAL - 2021-12-05 11:14:45 --> Undefined index: history_id
#0 C:\Users\USER-PC\Desktop\spk-saw\app\Controllers\Hitung.php(132): CodeIgniter\Debug\Exceptions->errorHandler(8, 'Undefined index...', 'C:\\Users\\USER-P...', 132, Array)
#1 C:\Users\USER-PC\Desktop\spk-saw\system\CodeIgniter.php(918): App\Controllers\Hitung->kalkulasi('true')
#2 C:\Users\USER-PC\Desktop\spk-saw\system\CodeIgniter.php(404): CodeIgniter\CodeIgniter->runController(Object(App\Controllers\Hitung))
#3 C:\Users\USER-PC\Desktop\spk-saw\system\CodeIgniter.php(312): CodeIgniter\CodeIgniter->handleRequest(NULL, Object(Config\Cache), false)
#4 C:\Users\USER-PC\Desktop\spk-saw\public\index.php(45): CodeIgniter\CodeIgniter->run()
#5 C:\Users\USER-PC\Desktop\spk-saw\system\Commands\Server\rewrite.php(34): require_once('C:\\Users\\USER-P...')
#6 {main}
CRITICAL - 2021-12-05 11:14:47 --> Allowed memory size of 134217728 bytes exhausted (tried to allocate 65015808 bytes)
#0 [internal function]: CodeIgniter\Debug\Exceptions->shutdownHandler()
#1 {main}
CRITICAL - 2021-12-05 11:14:58 --> Undefined index: history_id
#0 C:\Users\USER-PC\Desktop\spk-saw\app\Controllers\Hitung.php(132): CodeIgniter\Debug\Exceptions->errorHandler(8, 'Undefined index...', 'C:\\Users\\USER-P...', 132, Array)
#1 C:\Users\USER-PC\Desktop\spk-saw\system\CodeIgniter.php(918): App\Controllers\Hitung->kalkulasi('favicon.ico')
#2 C:\Users\USER-PC\Desktop\spk-saw\system\CodeIgniter.php(404): CodeIgniter\CodeIgniter->runController(Object(App\Controllers\Hitung))
#3 C:\Users\USER-PC\Desktop\spk-saw\system\CodeIgniter.php(312): CodeIgniter\CodeIgniter->handleRequest(NULL, Object(Config\Cache), false)
#4 C:\Users\USER-PC\Desktop\spk-saw\public\index.php(45): CodeIgniter\CodeIgniter->run()
#5 C:\Users\USER-PC\Desktop\spk-saw\system\Commands\Server\rewrite.php(34): require_once('C:\\Users\\USER-P...')
#6 {main}
CRITICAL - 2021-12-05 11:14:59 --> Undefined index: history_id
#0 C:\Users\USER-PC\Desktop\spk-saw\app\Controllers\Hitung.php(132): CodeIgniter\Debug\Exceptions->errorHandler(8, 'Undefined index...', 'C:\\Users\\USER-P...', 132, Array)
#1 C:\Users\USER-PC\Desktop\spk-saw\system\CodeIgniter.php(918): App\Controllers\Hitung->kalkulasi('true')
#2 C:\Users\USER-PC\Desktop\spk-saw\system\CodeIgniter.php(404): CodeIgniter\CodeIgniter->runController(Object(App\Controllers\Hitung))
#3 C:\Users\USER-PC\Desktop\spk-saw\system\CodeIgniter.php(312): CodeIgniter\CodeIgniter->handleRequest(NULL, Object(Config\Cache), false)
#4 C:\Users\USER-PC\Desktop\spk-saw\public\index.php(45): CodeIgniter\CodeIgniter->run()
#5 C:\Users\USER-PC\Desktop\spk-saw\system\Commands\Server\rewrite.php(34): require_once('C:\\Users\\USER-P...')
#6 {main}
CRITICAL - 2021-12-05 11:15:00 --> Allowed memory size of 134217728 bytes exhausted (tried to allocate 65015808 bytes)
#0 [internal function]: CodeIgniter\Debug\Exceptions->shutdownHandler()
#1 {main}
CRITICAL - 2021-12-05 11:15:26 --> Undefined index: history_id
#0 C:\Users\USER-PC\Desktop\spk-saw\app\Controllers\Hitung.php(132): CodeIgniter\Debug\Exceptions->errorHandler(8, 'Undefined index...', 'C:\\Users\\USER-P...', 132, Array)
#1 C:\Users\USER-PC\Desktop\spk-saw\system\CodeIgniter.php(918): App\Controllers\Hitung->kalkulasi('favicon.ico')
#2 C:\Users\USER-PC\Desktop\spk-saw\system\CodeIgniter.php(404): CodeIgniter\CodeIgniter->runController(Object(App\Controllers\Hitung))
#3 C:\Users\USER-PC\Desktop\spk-saw\system\CodeIgniter.php(312): CodeIgniter\CodeIgniter->handleRequest(NULL, Object(Config\Cache), false)
#4 C:\Users\USER-PC\Desktop\spk-saw\public\index.php(45): CodeIgniter\CodeIgniter->run()
#5 C:\Users\USER-PC\Desktop\spk-saw\system\Commands\Server\rewrite.php(34): require_once('C:\\Users\\USER-P...')
#6 {main}
CRITICAL - 2021-12-05 11:15:27 --> Undefined index: history_id
#0 C:\Users\USER-PC\Desktop\spk-saw\app\Controllers\Hitung.php(132): CodeIgniter\Debug\Exceptions->errorHandler(8, 'Undefined index...', 'C:\\Users\\USER-P...', 132, Array)
#1 C:\Users\USER-PC\Desktop\spk-saw\system\CodeIgniter.php(918): App\Controllers\Hitung->kalkulasi('true')
#2 C:\Users\USER-PC\Desktop\spk-saw\system\CodeIgniter.php(404): CodeIgniter\CodeIgniter->runController(Object(App\Controllers\Hitung))
#3 C:\Users\USER-PC\Desktop\spk-saw\system\CodeIgniter.php(312): CodeIgniter\CodeIgniter->handleRequest(NULL, Object(Config\Cache), false)
#4 C:\Users\USER-PC\Desktop\spk-saw\public\index.php(45): CodeIgniter\CodeIgniter->run()
#5 C:\Users\USER-PC\Desktop\spk-saw\system\Commands\Server\rewrite.php(34): require_once('C:\\Users\\USER-P...')
#6 {main}
CRITICAL - 2021-12-05 11:15:28 --> Allowed memory size of 134217728 bytes exhausted (tried to allocate 65015808 bytes)
#0 [internal function]: CodeIgniter\Debug\Exceptions->shutdownHandler()
#1 {main}
CRITICAL - 2021-12-05 11:16:26 --> Undefined index: history_id
#0 C:\Users\USER-PC\Desktop\spk-saw\app\Controllers\Hitung.php(132): CodeIgniter\Debug\Exceptions->errorHandler(8, 'Undefined index...', 'C:\\Users\\USER-P...', 132, Array)
#1 C:\Users\USER-PC\Desktop\spk-saw\system\CodeIgniter.php(918): App\Controllers\Hitung->kalkulasi('true')
#2 C:\Users\USER-PC\Desktop\spk-saw\system\CodeIgniter.php(404): CodeIgniter\CodeIgniter->runController(Object(App\Controllers\Hitung))
#3 C:\Users\USER-PC\Desktop\spk-saw\system\CodeIgniter.php(312): CodeIgniter\CodeIgniter->handleRequest(NULL, Object(Config\Cache), false)
#4 C:\Users\USER-PC\Desktop\spk-saw\public\index.php(45): CodeIgniter\CodeIgniter->run()
#5 C:\Users\USER-PC\Desktop\spk-saw\system\Commands\Server\rewrite.php(34): require_once('C:\\Users\\USER-P...')
#6 {main}
CRITICAL - 2021-12-05 11:16:28 --> Allowed memory size of 134217728 bytes exhausted (tried to allocate 65015808 bytes)
#0 [internal function]: CodeIgniter\Debug\Exceptions->shutdownHandler()
#1 {main}
CRITICAL - 2021-12-05 11:16:32 --> Undefined index: history_id
#0 C:\Users\USER-PC\Desktop\spk-saw\app\Controllers\Hitung.php(132): CodeIgniter\Debug\Exceptions->errorHandler(8, 'Undefined index...', 'C:\\Users\\USER-P...', 132, Array)
#1 C:\Users\USER-PC\Desktop\spk-saw\system\CodeIgniter.php(918): App\Controllers\Hitung->kalkulasi('favicon.ico')
#2 C:\Users\USER-PC\Desktop\spk-saw\system\CodeIgniter.php(404): CodeIgniter\CodeIgniter->runController(Object(App\Controllers\Hitung))
#3 C:\Users\USER-PC\Desktop\spk-saw\system\CodeIgniter.php(312): CodeIgniter\CodeIgniter->handleRequest(NULL, Object(Config\Cache), false)
#4 C:\Users\USER-PC\Desktop\spk-saw\public\index.php(45): CodeIgniter\CodeIgniter->run()
#5 C:\Users\USER-PC\Desktop\spk-saw\system\Commands\Server\rewrite.php(34): require_once('C:\\Users\\USER-P...')
#6 {main}
CRITICAL - 2021-12-05 11:17:04 --> Undefined index: history_id
#0 C:\Users\USER-PC\Desktop\spk-saw\app\Controllers\Hitung.php(132): CodeIgniter\Debug\Exceptions->errorHandler(8, 'Undefined index...', 'C:\\Users\\USER-P...', 132, Array)
#1 C:\Users\USER-PC\Desktop\spk-saw\system\CodeIgniter.php(918): App\Controllers\Hitung->kalkulasi('favicon.ico')
#2 C:\Users\USER-PC\Desktop\spk-saw\system\CodeIgniter.php(404): CodeIgniter\CodeIgniter->runController(Object(App\Controllers\Hitung))
#3 C:\Users\USER-PC\Desktop\spk-saw\system\CodeIgniter.php(312): CodeIgniter\CodeIgniter->handleRequest(NULL, Object(Config\Cache), false)
#4 C:\Users\USER-PC\Desktop\spk-saw\public\index.php(45): CodeIgniter\CodeIgniter->run()
#5 C:\Users\USER-PC\Desktop\spk-saw\system\Commands\Server\rewrite.php(34): require_once('C:\\Users\\USER-P...')
#6 {main}
CRITICAL - 2021-12-05 11:17:07 --> Undefined index: history_id
#0 C:\Users\USER-PC\Desktop\spk-saw\app\Controllers\Hitung.php(132): CodeIgniter\Debug\Exceptions->errorHandler(8, 'Undefined index...', 'C:\\Users\\USER-P...', 132, Array)
#1 C:\Users\USER-PC\Desktop\spk-saw\system\CodeIgniter.php(918): App\Controllers\Hitung->kalkulasi('true')
#2 C:\Users\USER-PC\Desktop\spk-saw\system\CodeIgniter.php(404): CodeIgniter\CodeIgniter->runController(Object(App\Controllers\Hitung))
#3 C:\Users\USER-PC\Desktop\spk-saw\system\CodeIgniter.php(312): CodeIgniter\CodeIgniter->handleRequest(NULL, Object(Config\Cache), false)
#4 C:\Users\USER-PC\Desktop\spk-saw\public\index.php(45): CodeIgniter\CodeIgniter->run()
#5 C:\Users\USER-PC\Desktop\spk-saw\system\Commands\Server\rewrite.php(34): require_once('C:\\Users\\USER-P...')
#6 {main}
CRITICAL - 2021-12-05 11:17:09 --> Allowed memory size of 134217728 bytes exhausted (tried to allocate 65015808 bytes)
#0 [internal function]: CodeIgniter\Debug\Exceptions->shutdownHandler()
#1 {main}
CRITICAL - 2021-12-05 11:17:44 --> Undefined index: history_id
#0 C:\Users\USER-PC\Desktop\spk-saw\app\Controllers\Hitung.php(132): CodeIgniter\Debug\Exceptions->errorHandler(8, 'Undefined index...', 'C:\\Users\\USER-P...', 132, Array)
#1 C:\Users\USER-PC\Desktop\spk-saw\system\CodeIgniter.php(918): App\Controllers\Hitung->kalkulasi('favicon.ico')
#2 C:\Users\USER-PC\Desktop\spk-saw\system\CodeIgniter.php(404): CodeIgniter\CodeIgniter->runController(Object(App\Controllers\Hitung))
#3 C:\Users\USER-PC\Desktop\spk-saw\system\CodeIgniter.php(312): CodeIgniter\CodeIgniter->handleRequest(NULL, Object(Config\Cache), false)
#4 C:\Users\USER-PC\Desktop\spk-saw\public\index.php(45): CodeIgniter\CodeIgniter->run()
#5 C:\Users\USER-PC\Desktop\spk-saw\system\Commands\Server\rewrite.php(34): require_once('C:\\Users\\USER-P...')
#6 {main}
CRITICAL - 2021-12-05 11:18:14 --> Undefined index: history_id
#0 C:\Users\USER-PC\Desktop\spk-saw\app\Controllers\Hitung.php(132): CodeIgniter\Debug\Exceptions->errorHandler(8, 'Undefined index...', 'C:\\Users\\USER-P...', 132, Array)
#1 C:\Users\USER-PC\Desktop\spk-saw\system\CodeIgniter.php(918): App\Controllers\Hitung->kalkulasi('favicon.ico')
#2 C:\Users\USER-PC\Desktop\spk-saw\system\CodeIgniter.php(404): CodeIgniter\CodeIgniter->runController(Object(App\Controllers\Hitung))
#3 C:\Users\USER-PC\Desktop\spk-saw\system\CodeIgniter.php(312): CodeIgniter\CodeIgniter->handleRequest(NULL, Object(Config\Cache), false)
#4 C:\Users\USER-PC\Desktop\spk-saw\public\index.php(45): CodeIgniter\CodeIgniter->run()
#5 C:\Users\USER-PC\Desktop\spk-saw\system\Commands\Server\rewrite.php(34): require_once('C:\\Users\\USER-P...')
#6 {main}
CRITICAL - 2021-12-05 11:18:20 --> Undefined index: history_id
#0 C:\Users\USER-PC\Desktop\spk-saw\app\Controllers\Hitung.php(132): CodeIgniter\Debug\Exceptions->errorHandler(8, 'Undefined index...', 'C:\\Users\\USER-P...', 132, Array)
#1 C:\Users\USER-PC\Desktop\spk-saw\system\CodeIgniter.php(918): App\Controllers\Hitung->kalkulasi('true')
#2 C:\Users\USER-PC\Desktop\spk-saw\system\CodeIgniter.php(404): CodeIgniter\CodeIgniter->runController(Object(App\Controllers\Hitung))
#3 C:\Users\USER-PC\Desktop\spk-saw\system\CodeIgniter.php(312): CodeIgniter\CodeIgniter->handleRequest(NULL, Object(Config\Cache), false)
#4 C:\Users\USER-PC\Desktop\spk-saw\public\index.php(45): CodeIgniter\CodeIgniter->run()
#5 C:\Users\USER-PC\Desktop\spk-saw\system\Commands\Server\rewrite.php(34): require_once('C:\\Users\\USER-P...')
#6 {main}
CRITICAL - 2021-12-05 11:18:21 --> Allowed memory size of 134217728 bytes exhausted (tried to allocate 65015808 bytes)
#0 [internal function]: CodeIgniter\Debug\Exceptions->shutdownHandler()
#1 {main}
CRITICAL - 2021-12-05 11:19:24 --> Undefined index: history_id
#0 C:\Users\USER-PC\Desktop\spk-saw\app\Controllers\Hitung.php(132): CodeIgniter\Debug\Exceptions->errorHandler(8, 'Undefined index...', 'C:\\Users\\USER-P...', 132, Array)
#1 C:\Users\USER-PC\Desktop\spk-saw\system\CodeIgniter.php(918): App\Controllers\Hitung->kalkulasi('favicon.ico')
#2 C:\Users\USER-PC\Desktop\spk-saw\system\CodeIgniter.php(404): CodeIgniter\CodeIgniter->runController(Object(App\Controllers\Hitung))
#3 C:\Users\USER-PC\Desktop\spk-saw\system\CodeIgniter.php(312): CodeIgniter\CodeIgniter->handleRequest(NULL, Object(Config\Cache), false)
#4 C:\Users\USER-PC\Desktop\spk-saw\public\index.php(45): CodeIgniter\CodeIgniter->run()
#5 C:\Users\USER-PC\Desktop\spk-saw\system\Commands\Server\rewrite.php(34): require_once('C:\\Users\\USER-P...')
#6 {main}
CRITICAL - 2021-12-05 11:19:40 --> Undefined index: history_id
#0 C:\Users\USER-PC\Desktop\spk-saw\app\Controllers\Hitung.php(132): CodeIgniter\Debug\Exceptions->errorHandler(8, 'Undefined index...', 'C:\\Users\\USER-P...', 132, Array)
#1 C:\Users\USER-PC\Desktop\spk-saw\system\CodeIgniter.php(918): App\Controllers\Hitung->kalkulasi('favicon.ico')
#2 C:\Users\USER-PC\Desktop\spk-saw\system\CodeIgniter.php(404): CodeIgniter\CodeIgniter->runController(Object(App\Controllers\Hitung))
#3 C:\Users\USER-PC\Desktop\spk-saw\system\CodeIgniter.php(312): CodeIgniter\CodeIgniter->handleRequest(NULL, Object(Config\Cache), false)
#4 C:\Users\USER-PC\Desktop\spk-saw\public\index.php(45): CodeIgniter\CodeIgniter->run()
#5 C:\Users\USER-PC\Desktop\spk-saw\system\Commands\Server\rewrite.php(34): require_once('C:\\Users\\USER-P...')
#6 {main}
CRITICAL - 2021-12-05 11:20:10 --> Undefined index: history_id
#0 C:\Users\USER-PC\Desktop\spk-saw\app\Controllers\Hitung.php(132): CodeIgniter\Debug\Exceptions->errorHandler(8, 'Undefined index...', 'C:\\Users\\USER-P...', 132, Array)
#1 C:\Users\USER-PC\Desktop\spk-saw\system\CodeIgniter.php(918): App\Controllers\Hitung->kalkulasi('true')
#2 C:\Users\USER-PC\Desktop\spk-saw\system\CodeIgniter.php(404): CodeIgniter\CodeIgniter->runController(Object(App\Controllers\Hitung))
#3 C:\Users\USER-PC\Desktop\spk-saw\system\CodeIgniter.php(312): CodeIgniter\CodeIgniter->handleRequest(NULL, Object(Config\Cache), false)
#4 C:\Users\USER-PC\Desktop\spk-saw\public\index.php(45): CodeIgniter\CodeIgniter->run()
#5 C:\Users\USER-PC\Desktop\spk-saw\system\Commands\Server\rewrite.php(34): require_once('C:\\Users\\USER-P...')
#6 {main}
CRITICAL - 2021-12-05 11:20:11 --> Allowed memory size of 134217728 bytes exhausted (tried to allocate 65015808 bytes)
#0 [internal function]: CodeIgniter\Debug\Exceptions->shutdownHandler()
#1 {main}
CRITICAL - 2021-12-05 11:22:09 --> Undefined index: history_id
#0 C:\Users\USER-PC\Desktop\spk-saw\app\Controllers\Hitung.php(132): CodeIgniter\Debug\Exceptions->errorHandler(8, 'Undefined index...', 'C:\\Users\\USER-P...', 132, Array)
#1 C:\Users\USER-PC\Desktop\spk-saw\system\CodeIgniter.php(918): App\Controllers\Hitung->kalkulasi('true')
#2 C:\Users\USER-PC\Desktop\spk-saw\system\CodeIgniter.php(404): CodeIgniter\CodeIgniter->runController(Object(App\Controllers\Hitung))
#3 C:\Users\USER-PC\Desktop\spk-saw\system\CodeIgniter.php(312): CodeIgniter\CodeIgniter->handleRequest(NULL, Object(Config\Cache), false)
#4 C:\Users\USER-PC\Desktop\spk-saw\public\index.php(45): CodeIgniter\CodeIgniter->run()
#5 C:\Users\USER-PC\Desktop\spk-saw\system\Commands\Server\rewrite.php(34): require_once('C:\\Users\\USER-P...')
#6 {main}
CRITICAL - 2021-12-05 11:22:10 --> Allowed memory size of 134217728 bytes exhausted (tried to allocate 65015808 bytes)
#0 [internal function]: CodeIgniter\Debug\Exceptions->shutdownHandler()
#1 {main}
CRITICAL - 2021-12-05 11:22:22 --> Undefined index: history_id
#0 C:\Users\USER-PC\Desktop\spk-saw\app\Controllers\Hitung.php(132): CodeIgniter\Debug\Exceptions->errorHandler(8, 'Undefined index...', 'C:\\Users\\USER-P...', 132, Array)
#1 C:\Users\USER-PC\Desktop\spk-saw\system\CodeIgniter.php(918): App\Controllers\Hitung->kalkulasi('favicon.ico')
#2 C:\Users\USER-PC\Desktop\spk-saw\system\CodeIgniter.php(404): CodeIgniter\CodeIgniter->runController(Object(App\Controllers\Hitung))
#3 C:\Users\USER-PC\Desktop\spk-saw\system\CodeIgniter.php(312): CodeIgniter\CodeIgniter->handleRequest(NULL, Object(Config\Cache), false)
#4 C:\Users\USER-PC\Desktop\spk-saw\public\index.php(45): CodeIgniter\CodeIgniter->run()
#5 C:\Users\USER-PC\Desktop\spk-saw\system\Commands\Server\rewrite.php(34): require_once('C:\\Users\\USER-P...')
#6 {main}
CRITICAL - 2021-12-05 11:22:23 --> Undefined index: history_id
#0 C:\Users\USER-PC\Desktop\spk-saw\app\Controllers\Hitung.php(132): CodeIgniter\Debug\Exceptions->errorHandler(8, 'Undefined index...', 'C:\\Users\\USER-P...', 132, Array)
#1 C:\Users\USER-PC\Desktop\spk-saw\system\CodeIgniter.php(918): App\Controllers\Hitung->kalkulasi('true')
#2 C:\Users\USER-PC\Desktop\spk-saw\system\CodeIgniter.php(404): CodeIgniter\CodeIgniter->runController(Object(App\Controllers\Hitung))
#3 C:\Users\USER-PC\Desktop\spk-saw\system\CodeIgniter.php(312): CodeIgniter\CodeIgniter->handleRequest(NULL, Object(Config\Cache), false)
#4 C:\Users\USER-PC\Desktop\spk-saw\public\index.php(45): CodeIgniter\CodeIgniter->run()
#5 C:\Users\USER-PC\Desktop\spk-saw\system\Commands\Server\rewrite.php(34): require_once('C:\\Users\\USER-P...')
#6 {main}
CRITICAL - 2021-12-05 11:22:24 --> Allowed memory size of 134217728 bytes exhausted (tried to allocate 65015808 bytes)
#0 [internal function]: CodeIgniter\Debug\Exceptions->shutdownHandler()
#1 {main}
CRITICAL - 2021-12-05 11:26:14 --> Undefined index: history_id
#0 C:\Users\USER-PC\Desktop\spk-saw\app\Controllers\Hitung.php(132): CodeIgniter\Debug\Exceptions->errorHandler(8, 'Undefined index...', 'C:\\Users\\USER-P...', 132, Array)
#1 C:\Users\USER-PC\Desktop\spk-saw\system\CodeIgniter.php(918): App\Controllers\Hitung->kalkulasi('true')
#2 C:\Users\USER-PC\Desktop\spk-saw\system\CodeIgniter.php(404): CodeIgniter\CodeIgniter->runController(Object(App\Controllers\Hitung))
#3 C:\Users\USER-PC\Desktop\spk-saw\system\CodeIgniter.php(312): CodeIgniter\CodeIgniter->handleRequest(NULL, Object(Config\Cache), false)
#4 C:\Users\USER-PC\Desktop\spk-saw\public\index.php(45): CodeIgniter\CodeIgniter->run()
#5 C:\Users\USER-PC\Desktop\spk-saw\system\Commands\Server\rewrite.php(34): require_once('C:\\Users\\USER-P...')
#6 {main}
CRITICAL - 2021-12-05 11:26:15 --> Allowed memory size of 134217728 bytes exhausted (tried to allocate 62918656 bytes)
#0 [internal function]: CodeIgniter\Debug\Exceptions->shutdownHandler()
#1 {main}
CRITICAL - 2021-12-05 11:27:11 --> Undefined index: history_id
#0 C:\Users\USER-PC\Desktop\spk-saw\app\Controllers\Hitung.php(132): CodeIgniter\Debug\Exceptions->errorHandler(8, 'Undefined index...', 'C:\\Users\\USER-P...', 132, Array)
#1 C:\Users\USER-PC\Desktop\spk-saw\system\CodeIgniter.php(918): App\Controllers\Hitung->kalkulasi('true')
#2 C:\Users\USER-PC\Desktop\spk-saw\system\CodeIgniter.php(404): CodeIgniter\CodeIgniter->runController(Object(App\Controllers\Hitung))
#3 C:\Users\USER-PC\Desktop\spk-saw\system\CodeIgniter.php(312): CodeIgniter\CodeIgniter->handleRequest(NULL, Object(Config\Cache), false)
#4 C:\Users\USER-PC\Desktop\spk-saw\public\index.php(45): CodeIgniter\CodeIgniter->run()
#5 C:\Users\USER-PC\Desktop\spk-saw\system\Commands\Server\rewrite.php(34): require_once('C:\\Users\\USER-P...')
#6 {main}
CRITICAL - 2021-12-05 11:27:13 --> Allowed memory size of 134217728 bytes exhausted (tried to allocate 62918656 bytes)
#0 [internal function]: CodeIgniter\Debug\Exceptions->shutdownHandler()
#1 {main}
CRITICAL - 2021-12-05 11:27:16 --> Undefined index: history_id
#0 C:\Users\USER-PC\Desktop\spk-saw\app\Controllers\Hitung.php(132): CodeIgniter\Debug\Exceptions->errorHandler(8, 'Undefined index...', 'C:\\Users\\USER-P...', 132, Array)
#1 C:\Users\USER-PC\Desktop\spk-saw\system\CodeIgniter.php(918): App\Controllers\Hitung->kalkulasi('true')
#2 C:\Users\USER-PC\Desktop\spk-saw\system\CodeIgniter.php(404): CodeIgniter\CodeIgniter->runController(Object(App\Controllers\Hitung))
#3 C:\Users\USER-PC\Desktop\spk-saw\system\CodeIgniter.php(312): CodeIgniter\CodeIgniter->handleRequest(NULL, Object(Config\Cache), false)
#4 C:\Users\USER-PC\Desktop\spk-saw\public\index.php(45): CodeIgniter\CodeIgniter->run()
#5 C:\Users\USER-PC\Desktop\spk-saw\system\Commands\Server\rewrite.php(34): require_once('C:\\Users\\USER-P...')
#6 {main}
CRITICAL - 2021-12-05 11:27:17 --> Allowed memory size of 134217728 bytes exhausted (tried to allocate 62918656 bytes)
#0 [internal function]: CodeIgniter\Debug\Exceptions->shutdownHandler()
#1 {main}
CRITICAL - 2021-12-05 11:33:01 --> Undefined index: history_id
#0 C:\Users\USER-PC\Desktop\spk-saw\app\Controllers\Hitung.php(132): CodeIgniter\Debug\Exceptions->errorHandler(8, 'Undefined index...', 'C:\\Users\\USER-P...', 132, Array)
#1 C:\Users\USER-PC\Desktop\spk-saw\system\CodeIgniter.php(918): App\Controllers\Hitung->kalkulasi('true')
#2 C:\Users\USER-PC\Desktop\spk-saw\system\CodeIgniter.php(404): CodeIgniter\CodeIgniter->runController(Object(App\Controllers\Hitung))
#3 C:\Users\USER-PC\Desktop\spk-saw\system\CodeIgniter.php(312): CodeIgniter\CodeIgniter->handleRequest(NULL, Object(Config\Cache), false)
#4 C:\Users\USER-PC\Desktop\spk-saw\public\index.php(45): CodeIgniter\CodeIgniter->run()
#5 C:\Users\USER-PC\Desktop\spk-saw\system\Commands\Server\rewrite.php(34): require_once('C:\\Users\\USER-P...')
#6 {main}
CRITICAL - 2021-12-05 11:33:02 --> Allowed memory size of 134217728 bytes exhausted (tried to allocate 62918656 bytes)
#0 [internal function]: CodeIgniter\Debug\Exceptions->shutdownHandler()
#1 {main}
CRITICAL - 2021-12-05 11:33:37 --> Undefined index: history_id
#0 C:\Users\USER-PC\Desktop\spk-saw\app\Controllers\Hitung.php(132): CodeIgniter\Debug\Exceptions->errorHandler(8, 'Undefined index...', 'C:\\Users\\USER-P...', 132, Array)
#1 C:\Users\USER-PC\Desktop\spk-saw\system\CodeIgniter.php(918): App\Controllers\Hitung->kalkulasi('true')
#2 C:\Users\USER-PC\Desktop\spk-saw\system\CodeIgniter.php(404): CodeIgniter\CodeIgniter->runController(Object(App\Controllers\Hitung))
#3 C:\Users\USER-PC\Desktop\spk-saw\system\CodeIgniter.php(312): CodeIgniter\CodeIgniter->handleRequest(NULL, Object(Config\Cache), false)
#4 C:\Users\USER-PC\Desktop\spk-saw\public\index.php(45): CodeIgniter\CodeIgniter->run()
#5 C:\Users\USER-PC\Desktop\spk-saw\system\Commands\Server\rewrite.php(34): require_once('C:\\Users\\USER-P...')
#6 {main}
CRITICAL - 2021-12-05 11:33:38 --> Allowed memory size of 134217728 bytes exhausted (tried to allocate 62918656 bytes)
#0 [internal function]: CodeIgniter\Debug\Exceptions->shutdownHandler()
#1 {main}
CRITICAL - 2021-12-05 11:33:41 --> Undefined index: history_id
#0 C:\Users\USER-PC\Desktop\spk-saw\app\Controllers\Hitung.php(132): CodeIgniter\Debug\Exceptions->errorHandler(8, 'Undefined index...', 'C:\\Users\\USER-P...', 132, Array)
#1 C:\Users\USER-PC\Desktop\spk-saw\system\CodeIgniter.php(918): App\Controllers\Hitung->kalkulasi('true')
#2 C:\Users\USER-PC\Desktop\spk-saw\system\CodeIgniter.php(404): CodeIgniter\CodeIgniter->runController(Object(App\Controllers\Hitung))
#3 C:\Users\USER-PC\Desktop\spk-saw\system\CodeIgniter.php(312): CodeIgniter\CodeIgniter->handleRequest(NULL, Object(Config\Cache), false)
#4 C:\Users\USER-PC\Desktop\spk-saw\public\index.php(45): CodeIgniter\CodeIgniter->run()
#5 C:\Users\USER-PC\Desktop\spk-saw\system\Commands\Server\rewrite.php(34): require_once('C:\\Users\\USER-P...')
#6 {main}
CRITICAL - 2021-12-05 11:33:42 --> Allowed memory size of 134217728 bytes exhausted (tried to allocate 62918656 bytes)
#0 [internal function]: CodeIgniter\Debug\Exceptions->shutdownHandler()
#1 {main}
CRITICAL - 2021-12-05 11:35:29 --> Undefined index: history_id
#0 C:\Users\USER-PC\Desktop\spk-saw\app\Controllers\Hitung.php(132): CodeIgniter\Debug\Exceptions->errorHandler(8, 'Undefined index...', 'C:\\Users\\USER-P...', 132, Array)
#1 C:\Users\USER-PC\Desktop\spk-saw\system\CodeIgniter.php(918): App\Controllers\Hitung->kalkulasi('true')
#2 C:\Users\USER-PC\Desktop\spk-saw\system\CodeIgniter.php(404): CodeIgniter\CodeIgniter->runController(Object(App\Controllers\Hitung))
#3 C:\Users\USER-PC\Desktop\spk-saw\system\CodeIgniter.php(312): CodeIgniter\CodeIgniter->handleRequest(NULL, Object(Config\Cache), false)
#4 C:\Users\USER-PC\Desktop\spk-saw\public\index.php(45): CodeIgniter\CodeIgniter->run()
#5 C:\Users\USER-PC\Desktop\spk-saw\system\Commands\Server\rewrite.php(34): require_once('C:\\Users\\USER-P...')
#6 {main}
CRITICAL - 2021-12-05 11:35:30 --> Allowed memory size of 134217728 bytes exhausted (tried to allocate 62918656 bytes)
#0 [internal function]: CodeIgniter\Debug\Exceptions->shutdownHandler()
#1 {main}
