CRITICAL - 2021-11-28 04:52:13 --> Column 'supplier_id' cannot be null
#0 C:\Users\USER-PC\Desktop\spk-saw\system\Database\MySQLi\Connection.php(331): mysqli->query('INSERT INTO `ob...')
#1 C:\Users\USER-PC\Desktop\spk-saw\system\Database\BaseConnection.php(741): CodeIgniter\Database\MySQLi\Connection->execute('INSERT INTO `ob...')
#2 C:\Users\USER-PC\Desktop\spk-saw\system\Database\BaseConnection.php(669): CodeIgniter\Database\BaseConnection->simpleQuery('INSERT INTO `ob...')
#3 C:\Users\USER-PC\Desktop\spk-saw\system\Database\BaseBuilder.php(2249): CodeIgniter\Database\BaseConnection->query('INSERT INTO `ob...', Array, false)
#4 C:\Users\USER-PC\Desktop\spk-saw\app\Controllers\Obat.php(255): CodeIgniter\Database\BaseBuilder->insert(Array)
#5 C:\Users\USER-PC\Desktop\spk-saw\system\CodeIgniter.php(918): App\Controllers\Obat->simpanExcel()
#6 C:\Users\USER-PC\Desktop\spk-saw\system\CodeIgniter.php(404): CodeIgniter\CodeIgniter->runController(Object(App\Controllers\Obat))
#7 C:\Users\USER-PC\Desktop\spk-saw\system\CodeIgniter.php(312): CodeIgniter\CodeIgniter->handleRequest(NULL, Object(Config\Cache), false)
#8 C:\Users\USER-PC\Desktop\spk-saw\public\index.php(45): CodeIgniter\CodeIgniter->run()
#9 C:\Users\USER-PC\Desktop\spk-saw\system\Commands\Server\rewrite.php(34): require_once('C:\\Users\\USER-P...')
#10 {main}
CRITICAL - 2021-11-28 07:24:20 --> Column 'supplier_id' cannot be null
#0 C:\Users\USER-PC\Desktop\spk-saw\system\Database\MySQLi\Connection.php(331): mysqli->query('INSERT INTO `ob...')
#1 C:\Users\USER-PC\Desktop\spk-saw\system\Database\BaseConnection.php(741): CodeIgniter\Database\MySQLi\Connection->execute('INSERT INTO `ob...')
#2 C:\Users\USER-PC\Desktop\spk-saw\system\Database\BaseConnection.php(669): CodeIgniter\Database\BaseConnection->simpleQuery('INSERT INTO `ob...')
#3 C:\Users\USER-PC\Desktop\spk-saw\system\Database\BaseBuilder.php(2249): CodeIgniter\Database\BaseConnection->query('INSERT INTO `ob...', Array, false)
#4 C:\Users\USER-PC\Desktop\spk-saw\app\Controllers\Obat.php(255): CodeIgniter\Database\BaseBuilder->insert(Array)
#5 C:\Users\USER-PC\Desktop\spk-saw\system\CodeIgniter.php(918): App\Controllers\Obat->simpanExcel()
#6 C:\Users\USER-PC\Desktop\spk-saw\system\CodeIgniter.php(404): CodeIgniter\CodeIgniter->runController(Object(App\Controllers\Obat))
#7 C:\Users\USER-PC\Desktop\spk-saw\system\CodeIgniter.php(312): CodeIgniter\CodeIgniter->handleRequest(NULL, Object(Config\Cache), false)
#8 C:\Users\USER-PC\Desktop\spk-saw\public\index.php(45): CodeIgniter\CodeIgniter->run()
#9 C:\Users\USER-PC\Desktop\spk-saw\system\Commands\Server\rewrite.php(34): require_once('C:\\Users\\USER-P...')
#10 {main}
CRITICAL - 2021-11-28 07:28:16 --> Column 'supplier_id' cannot be null
#0 C:\Users\USER-PC\Desktop\spk-saw\system\Database\MySQLi\Connection.php(331): mysqli->query('INSERT INTO `ob...')
#1 C:\Users\USER-PC\Desktop\spk-saw\system\Database\BaseConnection.php(741): CodeIgniter\Database\MySQLi\Connection->execute('INSERT INTO `ob...')
#2 C:\Users\USER-PC\Desktop\spk-saw\system\Database\BaseConnection.php(669): CodeIgniter\Database\BaseConnection->simpleQuery('INSERT INTO `ob...')
#3 C:\Users\USER-PC\Desktop\spk-saw\system\Database\BaseBuilder.php(2249): CodeIgniter\Database\BaseConnection->query('INSERT INTO `ob...', Array, false)
#4 C:\Users\USER-PC\Desktop\spk-saw\system\Model.php(755): CodeIgniter\Database\BaseBuilder->insert()
#5 C:\Users\USER-PC\Desktop\spk-saw\app\Controllers\Obat.php(255): CodeIgniter\Model->insert(Array)
#6 C:\Users\USER-PC\Desktop\spk-saw\system\CodeIgniter.php(918): App\Controllers\Obat->simpanExcel()
#7 C:\Users\USER-PC\Desktop\spk-saw\system\CodeIgniter.php(404): CodeIgniter\CodeIgniter->runController(Object(App\Controllers\Obat))
#8 C:\Users\USER-PC\Desktop\spk-saw\system\CodeIgniter.php(312): CodeIgniter\CodeIgniter->handleRequest(NULL, Object(Config\Cache), false)
#9 C:\Users\USER-PC\Desktop\spk-saw\public\index.php(45): CodeIgniter\CodeIgniter->run()
#10 C:\Users\USER-PC\Desktop\spk-saw\system\Commands\Server\rewrite.php(34): require_once('C:\\Users\\USER-P...')
#11 {main}
CRITICAL - 2021-11-28 07:32:06 --> Column 'supplier_id' cannot be null
#0 C:\Users\USER-PC\Desktop\spk-saw\system\Database\MySQLi\Connection.php(331): mysqli->query('INSERT INTO `ob...')
#1 C:\Users\USER-PC\Desktop\spk-saw\system\Database\BaseConnection.php(741): CodeIgniter\Database\MySQLi\Connection->execute('INSERT INTO `ob...')
#2 C:\Users\USER-PC\Desktop\spk-saw\system\Database\BaseConnection.php(669): CodeIgniter\Database\BaseConnection->simpleQuery('INSERT INTO `ob...')
#3 C:\Users\USER-PC\Desktop\spk-saw\system\Database\BaseBuilder.php(2249): CodeIgniter\Database\BaseConnection->query('INSERT INTO `ob...', Array, false)
#4 C:\Users\USER-PC\Desktop\spk-saw\system\Model.php(755): CodeIgniter\Database\BaseBuilder->insert()
#5 C:\Users\USER-PC\Desktop\spk-saw\app\Controllers\Obat.php(233): CodeIgniter\Model->insert(Array)
#6 C:\Users\USER-PC\Desktop\spk-saw\system\CodeIgniter.php(918): App\Controllers\Obat->simpanExcel()
#7 C:\Users\USER-PC\Desktop\spk-saw\system\CodeIgniter.php(404): CodeIgniter\CodeIgniter->runController(Object(App\Controllers\Obat))
#8 C:\Users\USER-PC\Desktop\spk-saw\system\CodeIgniter.php(312): CodeIgniter\CodeIgniter->handleRequest(NULL, Object(Config\Cache), false)
#9 C:\Users\USER-PC\Desktop\spk-saw\public\index.php(45): CodeIgniter\CodeIgniter->run()
#10 C:\Users\USER-PC\Desktop\spk-saw\system\Commands\Server\rewrite.php(34): require_once('C:\\Users\\USER-P...')
#11 {main}
CRITICAL - 2021-11-28 07:37:22 --> Column 'supplier_id' cannot be null
#0 C:\Users\USER-PC\Desktop\spk-saw\system\Database\MySQLi\Connection.php(331): mysqli->query('INSERT INTO `ob...')
#1 C:\Users\USER-PC\Desktop\spk-saw\system\Database\BaseConnection.php(741): CodeIgniter\Database\MySQLi\Connection->execute('INSERT INTO `ob...')
#2 C:\Users\USER-PC\Desktop\spk-saw\system\Database\BaseConnection.php(669): CodeIgniter\Database\BaseConnection->simpleQuery('INSERT INTO `ob...')
#3 C:\Users\USER-PC\Desktop\spk-saw\system\Database\BaseBuilder.php(2249): CodeIgniter\Database\BaseConnection->query('INSERT INTO `ob...', Array, false)
#4 C:\Users\USER-PC\Desktop\spk-saw\system\Model.php(755): CodeIgniter\Database\BaseBuilder->insert()
#5 C:\Users\USER-PC\Desktop\spk-saw\app\Controllers\Obat.php(235): CodeIgniter\Model->insert(Array)
#6 C:\Users\USER-PC\Desktop\spk-saw\system\CodeIgniter.php(918): App\Controllers\Obat->simpanExcel()
#7 C:\Users\USER-PC\Desktop\spk-saw\system\CodeIgniter.php(404): CodeIgniter\CodeIgniter->runController(Object(App\Controllers\Obat))
#8 C:\Users\USER-PC\Desktop\spk-saw\system\CodeIgniter.php(312): CodeIgniter\CodeIgniter->handleRequest(NULL, Object(Config\Cache), false)
#9 C:\Users\USER-PC\Desktop\spk-saw\public\index.php(45): CodeIgniter\CodeIgniter->run()
#10 C:\Users\USER-PC\Desktop\spk-saw\system\Commands\Server\rewrite.php(34): require_once('C:\\Users\\USER-P...')
#11 {main}
CRITICAL - 2021-11-28 07:39:32 --> Column 'supplier_id' cannot be null
#0 C:\Users\USER-PC\Desktop\spk-saw\system\Database\MySQLi\Connection.php(331): mysqli->query('INSERT INTO `ob...')
#1 C:\Users\USER-PC\Desktop\spk-saw\system\Database\BaseConnection.php(741): CodeIgniter\Database\MySQLi\Connection->execute('INSERT INTO `ob...')
#2 C:\Users\USER-PC\Desktop\spk-saw\system\Database\BaseConnection.php(669): CodeIgniter\Database\BaseConnection->simpleQuery('INSERT INTO `ob...')
#3 C:\Users\USER-PC\Desktop\spk-saw\system\Database\BaseBuilder.php(2249): CodeIgniter\Database\BaseConnection->query('INSERT INTO `ob...', Array, false)
#4 C:\Users\USER-PC\Desktop\spk-saw\system\Model.php(755): CodeIgniter\Database\BaseBuilder->insert()
#5 C:\Users\USER-PC\Desktop\spk-saw\app\Controllers\Obat.php(235): CodeIgniter\Model->insert(Array)
#6 C:\Users\USER-PC\Desktop\spk-saw\system\CodeIgniter.php(918): App\Controllers\Obat->simpanExcel()
#7 C:\Users\USER-PC\Desktop\spk-saw\system\CodeIgniter.php(404): CodeIgniter\CodeIgniter->runController(Object(App\Controllers\Obat))
#8 C:\Users\USER-PC\Desktop\spk-saw\system\CodeIgniter.php(312): CodeIgniter\CodeIgniter->handleRequest(NULL, Object(Config\Cache), false)
#9 C:\Users\USER-PC\Desktop\spk-saw\public\index.php(45): CodeIgniter\CodeIgniter->run()
#10 C:\Users\USER-PC\Desktop\spk-saw\system\Commands\Server\rewrite.php(34): require_once('C:\\Users\\USER-P...')
#11 {main}
CRITICAL - 2021-11-28 07:51:45 --> Column 'supplier_id' cannot be null
#0 C:\Users\USER-PC\Desktop\spk-saw\system\Database\MySQLi\Connection.php(331): mysqli->query('INSERT INTO `ob...')
#1 C:\Users\USER-PC\Desktop\spk-saw\system\Database\BaseConnection.php(741): CodeIgniter\Database\MySQLi\Connection->execute('INSERT INTO `ob...')
#2 C:\Users\USER-PC\Desktop\spk-saw\system\Database\BaseConnection.php(669): CodeIgniter\Database\BaseConnection->simpleQuery('INSERT INTO `ob...')
#3 C:\Users\USER-PC\Desktop\spk-saw\system\Database\BaseBuilder.php(2249): CodeIgniter\Database\BaseConnection->query('INSERT INTO `ob...', Array, false)
#4 C:\Users\USER-PC\Desktop\spk-saw\system\Model.php(755): CodeIgniter\Database\BaseBuilder->insert()
#5 C:\Users\USER-PC\Desktop\spk-saw\app\Controllers\Obat.php(256): CodeIgniter\Model->insert(Array)
#6 C:\Users\USER-PC\Desktop\spk-saw\system\CodeIgniter.php(918): App\Controllers\Obat->simpanExcel()
#7 C:\Users\USER-PC\Desktop\spk-saw\system\CodeIgniter.php(404): CodeIgniter\CodeIgniter->runController(Object(App\Controllers\Obat))
#8 C:\Users\USER-PC\Desktop\spk-saw\system\CodeIgniter.php(312): CodeIgniter\CodeIgniter->handleRequest(NULL, Object(Config\Cache), false)
#9 C:\Users\USER-PC\Desktop\spk-saw\public\index.php(45): CodeIgniter\CodeIgniter->run()
#10 C:\Users\USER-PC\Desktop\spk-saw\system\Commands\Server\rewrite.php(34): require_once('C:\\Users\\USER-P...')
#11 {main}
CRITICAL - 2021-11-28 08:12:51 --> Unknown column 'obat_id' in 'field list'
#0 C:\Users\USER-PC\Desktop\spk-saw\system\Database\MySQLi\Connection.php(331): mysqli->query('INSERT INTO `su...')
#1 C:\Users\USER-PC\Desktop\spk-saw\system\Database\BaseConnection.php(741): CodeIgniter\Database\MySQLi\Connection->execute('INSERT INTO `su...')
#2 C:\Users\USER-PC\Desktop\spk-saw\system\Database\BaseConnection.php(669): CodeIgniter\Database\BaseConnection->simpleQuery('INSERT INTO `su...')
#3 C:\Users\USER-PC\Desktop\spk-saw\system\Database\BaseBuilder.php(2249): CodeIgniter\Database\BaseConnection->query('INSERT INTO `su...', Array, false)
#4 C:\Users\USER-PC\Desktop\spk-saw\app\Controllers\Obat.php(255): CodeIgniter\Database\BaseBuilder->insert(Array)
#5 C:\Users\USER-PC\Desktop\spk-saw\system\CodeIgniter.php(918): App\Controllers\Obat->simpanExcel()
#6 C:\Users\USER-PC\Desktop\spk-saw\system\CodeIgniter.php(404): CodeIgniter\CodeIgniter->runController(Object(App\Controllers\Obat))
#7 C:\Users\USER-PC\Desktop\spk-saw\system\CodeIgniter.php(312): CodeIgniter\CodeIgniter->handleRequest(NULL, Object(Config\Cache), false)
#8 C:\Users\USER-PC\Desktop\spk-saw\public\index.php(45): CodeIgniter\CodeIgniter->run()
#9 C:\Users\USER-PC\Desktop\spk-saw\system\Commands\Server\rewrite.php(34): require_once('C:\\Users\\USER-P...')
#10 {main}
CRITICAL - 2021-11-28 08:13:43 --> Column 'supplier_id' cannot be null
#0 C:\Users\USER-PC\Desktop\spk-saw\system\Database\MySQLi\Connection.php(331): mysqli->query('INSERT INTO `ob...')
#1 C:\Users\USER-PC\Desktop\spk-saw\system\Database\BaseConnection.php(741): CodeIgniter\Database\MySQLi\Connection->execute('INSERT INTO `ob...')
#2 C:\Users\USER-PC\Desktop\spk-saw\system\Database\BaseConnection.php(669): CodeIgniter\Database\BaseConnection->simpleQuery('INSERT INTO `ob...')
#3 C:\Users\USER-PC\Desktop\spk-saw\system\Database\BaseBuilder.php(2249): CodeIgniter\Database\BaseConnection->query('INSERT INTO `ob...', Array, false)
#4 C:\Users\USER-PC\Desktop\spk-saw\app\Controllers\Obat.php(255): CodeIgniter\Database\BaseBuilder->insert(Array)
#5 C:\Users\USER-PC\Desktop\spk-saw\system\CodeIgniter.php(918): App\Controllers\Obat->simpanExcel()
#6 C:\Users\USER-PC\Desktop\spk-saw\system\CodeIgniter.php(404): CodeIgniter\CodeIgniter->runController(Object(App\Controllers\Obat))
#7 C:\Users\USER-PC\Desktop\spk-saw\system\CodeIgniter.php(312): CodeIgniter\CodeIgniter->handleRequest(NULL, Object(Config\Cache), false)
#8 C:\Users\USER-PC\Desktop\spk-saw\public\index.php(45): CodeIgniter\CodeIgniter->run()
#9 C:\Users\USER-PC\Desktop\spk-saw\system\Commands\Server\rewrite.php(34): require_once('C:\\Users\\USER-P...')
#10 {main}
CRITICAL - 2021-11-28 08:18:44 --> Call to a member function getClientExtension() on null
#0 C:\Users\USER-PC\Desktop\spk-saw\system\CodeIgniter.php(918): App\Controllers\Obat->simpanExcel()
#1 C:\Users\USER-PC\Desktop\spk-saw\system\CodeIgniter.php(404): CodeIgniter\CodeIgniter->runController(Object(App\Controllers\Obat))
#2 C:\Users\USER-PC\Desktop\spk-saw\system\CodeIgniter.php(312): CodeIgniter\CodeIgniter->handleRequest(NULL, Object(Config\Cache), false)
#3 C:\Users\USER-PC\Desktop\spk-saw\public\index.php(45): CodeIgniter\CodeIgniter->run()
#4 C:\Users\USER-PC\Desktop\spk-saw\system\Commands\Server\rewrite.php(34): require_once('C:\\Users\\USER-P...')
#5 {main}
CRITICAL - 2021-11-28 08:30:57 --> Undefined offset: 2
#0 C:\Users\USER-PC\Desktop\spk-saw\app\Controllers\Supplier.php(172): CodeIgniter\Debug\Exceptions->errorHandler(8, 'Undefined offse...', 'C:\\Users\\USER-P...', 172, Array)
#1 C:\Users\USER-PC\Desktop\spk-saw\system\CodeIgniter.php(918): App\Controllers\Supplier->simpanExcel()
#2 C:\Users\USER-PC\Desktop\spk-saw\system\CodeIgniter.php(404): CodeIgniter\CodeIgniter->runController(Object(App\Controllers\Supplier))
#3 C:\Users\USER-PC\Desktop\spk-saw\system\CodeIgniter.php(312): CodeIgniter\CodeIgniter->handleRequest(NULL, Object(Config\Cache), false)
#4 C:\Users\USER-PC\Desktop\spk-saw\public\index.php(45): CodeIgniter\CodeIgniter->run()
#5 C:\Users\USER-PC\Desktop\spk-saw\system\Commands\Server\rewrite.php(34): require_once('C:\\Users\\USER-P...')
#6 {main}
