CRITICAL - 2021-11-02 22:20:47 --> Undefined variable: validation_errors
#0 C:\Users\USER-PC\Desktop\spk-saw\app\Views\crud1\tambah.php(24): CodeIgniter\Debug\Exceptions->errorHandler(8, 'Undefined varia...', 'C:\\Users\\USER-P...', 24, Array)
#1 C:\Users\USER-PC\Desktop\spk-saw\system\View\View.php(246): include('C:\\Users\\USER-P...')
#2 C:\Users\USER-PC\Desktop\spk-saw\system\Common.php(1119): CodeIgniter\View\View->render('crud1/tambah', Array, true)
#3 C:\Users\USER-PC\Desktop\spk-saw\app\Controllers\Crud1.php(29): view('crud1/tambah', Array)
#4 C:\Users\USER-PC\Desktop\spk-saw\system\CodeIgniter.php(918): App\Controllers\Crud1->tambah()
#5 C:\Users\USER-PC\Desktop\spk-saw\system\CodeIgniter.php(404): CodeIgniter\CodeIgniter->runController(Object(App\Controllers\Crud1))
#6 C:\Users\USER-PC\Desktop\spk-saw\system\CodeIgniter.php(312): CodeIgniter\CodeIgniter->handleRequest(NULL, Object(Config\Cache), false)
#7 C:\Users\USER-PC\Desktop\spk-saw\public\index.php(45): CodeIgniter\CodeIgniter->run()
#8 C:\Users\USER-PC\Desktop\spk-saw\system\Commands\Server\rewrite.php(34): require_once('C:\\Users\\USER-P...')
#9 {main}
CRITICAL - 2021-11-02 22:41:20 --> Undefined variable: t
#0 C:\Users\USER-PC\Desktop\spk-saw\app\Views\crud1\index.php(34): CodeIgniter\Debug\Exceptions->errorHandler(8, 'Undefined varia...', 'C:\\Users\\USER-P...', 34, Array)
#1 C:\Users\USER-PC\Desktop\spk-saw\system\View\View.php(246): include('C:\\Users\\USER-P...')
#2 C:\Users\USER-PC\Desktop\spk-saw\system\Common.php(1119): CodeIgniter\View\View->render('crud1/index', Array, true)
#3 C:\Users\USER-PC\Desktop\spk-saw\app\Controllers\Crud1.php(20): view('crud1/index', Array)
#4 C:\Users\USER-PC\Desktop\spk-saw\system\CodeIgniter.php(918): App\Controllers\Crud1->index()
#5 C:\Users\USER-PC\Desktop\spk-saw\system\CodeIgniter.php(404): CodeIgniter\CodeIgniter->runController(Object(App\Controllers\Crud1))
#6 C:\Users\USER-PC\Desktop\spk-saw\system\CodeIgniter.php(312): CodeIgniter\CodeIgniter->handleRequest(NULL, Object(Config\Cache), false)
#7 C:\Users\USER-PC\Desktop\spk-saw\public\index.php(45): CodeIgniter\CodeIgniter->run()
#8 C:\Users\USER-PC\Desktop\spk-saw\system\Commands\Server\rewrite.php(34): require_once('C:\\Users\\USER-P...')
#9 {main}
CRITICAL - 2021-11-02 23:13:22 --> syntax error, unexpected '=', expecting ']'
#0 C:\Users\USER-PC\Desktop\spk-saw\system\Router\Router.php(195): CodeIgniter\Router\Router->autoRoute('crud1')
#1 C:\Users\USER-PC\Desktop\spk-saw\system\CodeIgniter.php(793): CodeIgniter\Router\Router->handle('crud1')
#2 C:\Users\USER-PC\Desktop\spk-saw\system\CodeIgniter.php(364): CodeIgniter\CodeIgniter->tryToRouteIt(Object(CodeIgniter\Router\RouteCollection))
#3 C:\Users\USER-PC\Desktop\spk-saw\system\CodeIgniter.php(312): CodeIgniter\CodeIgniter->handleRequest(NULL, Object(Config\Cache), false)
#4 C:\Users\USER-PC\Desktop\spk-saw\public\index.php(45): CodeIgniter\CodeIgniter->run()
#5 C:\Users\USER-PC\Desktop\spk-saw\system\Commands\Server\rewrite.php(34): require_once('C:\\Users\\USER-P...')
#6 {main}
CRITICAL - 2021-11-02 23:13:43 --> syntax error, unexpected '=', expecting ']'
#0 C:\Users\USER-PC\Desktop\spk-saw\system\Router\Router.php(195): CodeIgniter\Router\Router->autoRoute('crud1')
#1 C:\Users\USER-PC\Desktop\spk-saw\system\CodeIgniter.php(793): CodeIgniter\Router\Router->handle('crud1')
#2 C:\Users\USER-PC\Desktop\spk-saw\system\CodeIgniter.php(364): CodeIgniter\CodeIgniter->tryToRouteIt(Object(CodeIgniter\Router\RouteCollection))
#3 C:\Users\USER-PC\Desktop\spk-saw\system\CodeIgniter.php(312): CodeIgniter\CodeIgniter->handleRequest(NULL, Object(Config\Cache), false)
#4 C:\Users\USER-PC\Desktop\spk-saw\public\index.php(45): CodeIgniter\CodeIgniter->run()
#5 C:\Users\USER-PC\Desktop\spk-saw\system\Commands\Server\rewrite.php(34): require_once('C:\\Users\\USER-P...')
#6 {main}
CRITICAL - 2021-11-02 23:17:24 --> Undefined variable: toko
#0 C:\Users\USER-PC\Desktop\spk-saw\app\Views\crud1\edit.php(20): CodeIgniter\Debug\Exceptions->errorHandler(8, 'Undefined varia...', 'C:\\Users\\USER-P...', 20, Array)
#1 C:\Users\USER-PC\Desktop\spk-saw\system\View\View.php(246): include('C:\\Users\\USER-P...')
#2 C:\Users\USER-PC\Desktop\spk-saw\system\Common.php(1119): CodeIgniter\View\View->render('crud1/edit', Array, true)
#3 C:\Users\USER-PC\Desktop\spk-saw\app\Controllers\Crud1.php(79): view('crud1/edit', Array)
#4 C:\Users\USER-PC\Desktop\spk-saw\system\CodeIgniter.php(918): App\Controllers\Crud1->edit('4')
#5 C:\Users\USER-PC\Desktop\spk-saw\system\CodeIgniter.php(404): CodeIgniter\CodeIgniter->runController(Object(App\Controllers\Crud1))
#6 C:\Users\USER-PC\Desktop\spk-saw\system\CodeIgniter.php(312): CodeIgniter\CodeIgniter->handleRequest(NULL, Object(Config\Cache), false)
#7 C:\Users\USER-PC\Desktop\spk-saw\public\index.php(45): CodeIgniter\CodeIgniter->run()
#8 C:\Users\USER-PC\Desktop\spk-saw\system\Commands\Server\rewrite.php(34): require_once('C:\\Users\\USER-P...')
#9 {main}
CRITICAL - 2021-11-02 23:17:34 --> Undefined variable: toko
#0 C:\Users\USER-PC\Desktop\spk-saw\app\Views\crud1\edit.php(20): CodeIgniter\Debug\Exceptions->errorHandler(8, 'Undefined varia...', 'C:\\Users\\USER-P...', 20, Array)
#1 C:\Users\USER-PC\Desktop\spk-saw\system\View\View.php(246): include('C:\\Users\\USER-P...')
#2 C:\Users\USER-PC\Desktop\spk-saw\system\Common.php(1119): CodeIgniter\View\View->render('crud1/edit', Array, true)
#3 C:\Users\USER-PC\Desktop\spk-saw\app\Controllers\Crud1.php(79): view('crud1/edit', Array)
#4 C:\Users\USER-PC\Desktop\spk-saw\system\CodeIgniter.php(918): App\Controllers\Crud1->edit('4')
#5 C:\Users\USER-PC\Desktop\spk-saw\system\CodeIgniter.php(404): CodeIgniter\CodeIgniter->runController(Object(App\Controllers\Crud1))
#6 C:\Users\USER-PC\Desktop\spk-saw\system\CodeIgniter.php(312): CodeIgniter\CodeIgniter->handleRequest(NULL, Object(Config\Cache), false)
#7 C:\Users\USER-PC\Desktop\spk-saw\public\index.php(45): CodeIgniter\CodeIgniter->run()
#8 C:\Users\USER-PC\Desktop\spk-saw\system\Commands\Server\rewrite.php(34): require_once('C:\\Users\\USER-P...')
#9 {main}
CRITICAL - 2021-11-02 23:17:50 --> Undefined variable: toko
#0 C:\Users\USER-PC\Desktop\spk-saw\app\Views\crud1\edit.php(20): CodeIgniter\Debug\Exceptions->errorHandler(8, 'Undefined varia...', 'C:\\Users\\USER-P...', 20, Array)
#1 C:\Users\USER-PC\Desktop\spk-saw\system\View\View.php(246): include('C:\\Users\\USER-P...')
#2 C:\Users\USER-PC\Desktop\spk-saw\system\Common.php(1119): CodeIgniter\View\View->render('crud1/edit', Array, true)
#3 C:\Users\USER-PC\Desktop\spk-saw\app\Controllers\Crud1.php(79): view('crud1/edit', Array)
#4 C:\Users\USER-PC\Desktop\spk-saw\system\CodeIgniter.php(918): App\Controllers\Crud1->edit('4')
#5 C:\Users\USER-PC\Desktop\spk-saw\system\CodeIgniter.php(404): CodeIgniter\CodeIgniter->runController(Object(App\Controllers\Crud1))
#6 C:\Users\USER-PC\Desktop\spk-saw\system\CodeIgniter.php(312): CodeIgniter\CodeIgniter->handleRequest(NULL, Object(Config\Cache), false)
#7 C:\Users\USER-PC\Desktop\spk-saw\public\index.php(45): CodeIgniter\CodeIgniter->run()
#8 C:\Users\USER-PC\Desktop\spk-saw\system\Commands\Server\rewrite.php(34): require_once('C:\\Users\\USER-P...')
#9 {main}
CRITICAL - 2021-11-02 23:18:02 --> Trying to access array offset on value of type null
#0 C:\Users\USER-PC\Desktop\spk-saw\app\Views\crud1\edit.php(17): CodeIgniter\Debug\Exceptions->errorHandler(8, 'Trying to acces...', 'C:\\Users\\USER-P...', 17, Array)
#1 C:\Users\USER-PC\Desktop\spk-saw\system\View\View.php(246): include('C:\\Users\\USER-P...')
#2 C:\Users\USER-PC\Desktop\spk-saw\system\Common.php(1119): CodeIgniter\View\View->render('crud1/edit', Array, true)
#3 C:\Users\USER-PC\Desktop\spk-saw\app\Controllers\Crud1.php(79): view('crud1/edit', Array)
#4 C:\Users\USER-PC\Desktop\spk-saw\system\CodeIgniter.php(918): App\Controllers\Crud1->edit('favicon.ico')
#5 C:\Users\USER-PC\Desktop\spk-saw\system\CodeIgniter.php(404): CodeIgniter\CodeIgniter->runController(Object(App\Controllers\Crud1))
#6 C:\Users\USER-PC\Desktop\spk-saw\system\CodeIgniter.php(312): CodeIgniter\CodeIgniter->handleRequest(NULL, Object(Config\Cache), false)
#7 C:\Users\USER-PC\Desktop\spk-saw\public\index.php(45): CodeIgniter\CodeIgniter->run()
#8 C:\Users\USER-PC\Desktop\spk-saw\system\Commands\Server\rewrite.php(34): require_once('C:\\Users\\USER-P...')
#9 {main}
CRITICAL - 2021-11-02 23:18:06 --> Trying to access array offset on value of type null
#0 C:\Users\USER-PC\Desktop\spk-saw\app\Views\crud1\edit.php(17): CodeIgniter\Debug\Exceptions->errorHandler(8, 'Trying to acces...', 'C:\\Users\\USER-P...', 17, Array)
#1 C:\Users\USER-PC\Desktop\spk-saw\system\View\View.php(246): include('C:\\Users\\USER-P...')
#2 C:\Users\USER-PC\Desktop\spk-saw\system\Common.php(1119): CodeIgniter\View\View->render('crud1/edit', Array, true)
#3 C:\Users\USER-PC\Desktop\spk-saw\app\Controllers\Crud1.php(79): view('crud1/edit', Array)
#4 C:\Users\USER-PC\Desktop\spk-saw\system\CodeIgniter.php(918): App\Controllers\Crud1->edit('favicon.ico')
#5 C:\Users\USER-PC\Desktop\spk-saw\system\CodeIgniter.php(404): CodeIgniter\CodeIgniter->runController(Object(App\Controllers\Crud1))
#6 C:\Users\USER-PC\Desktop\spk-saw\system\CodeIgniter.php(312): CodeIgniter\CodeIgniter->handleRequest(NULL, Object(Config\Cache), false)
#7 C:\Users\USER-PC\Desktop\spk-saw\public\index.php(45): CodeIgniter\CodeIgniter->run()
#8 C:\Users\USER-PC\Desktop\spk-saw\system\Commands\Server\rewrite.php(34): require_once('C:\\Users\\USER-P...')
#9 {main}
CRITICAL - 2021-11-02 23:18:30 --> Trying to access array offset on value of type null
#0 C:\Users\USER-PC\Desktop\spk-saw\app\Views\crud1\edit.php(17): CodeIgniter\Debug\Exceptions->errorHandler(8, 'Trying to acces...', 'C:\\Users\\USER-P...', 17, Array)
#1 C:\Users\USER-PC\Desktop\spk-saw\system\View\View.php(246): include('C:\\Users\\USER-P...')
#2 C:\Users\USER-PC\Desktop\spk-saw\system\Common.php(1119): CodeIgniter\View\View->render('crud1/edit', Array, true)
#3 C:\Users\USER-PC\Desktop\spk-saw\app\Controllers\Crud1.php(79): view('crud1/edit', Array)
#4 C:\Users\USER-PC\Desktop\spk-saw\system\CodeIgniter.php(918): App\Controllers\Crud1->edit('favicon.ico')
#5 C:\Users\USER-PC\Desktop\spk-saw\system\CodeIgniter.php(404): CodeIgniter\CodeIgniter->runController(Object(App\Controllers\Crud1))
#6 C:\Users\USER-PC\Desktop\spk-saw\system\CodeIgniter.php(312): CodeIgniter\CodeIgniter->handleRequest(NULL, Object(Config\Cache), false)
#7 C:\Users\USER-PC\Desktop\spk-saw\public\index.php(45): CodeIgniter\CodeIgniter->run()
#8 C:\Users\USER-PC\Desktop\spk-saw\system\Commands\Server\rewrite.php(34): require_once('C:\\Users\\USER-P...')
#9 {main}
CRITICAL - 2021-11-02 23:19:06 --> Trying to access array offset on value of type null
#0 C:\Users\USER-PC\Desktop\spk-saw\app\Views\crud1\edit.php(17): CodeIgniter\Debug\Exceptions->errorHandler(8, 'Trying to acces...', 'C:\\Users\\USER-P...', 17, Array)
#1 C:\Users\USER-PC\Desktop\spk-saw\system\View\View.php(246): include('C:\\Users\\USER-P...')
#2 C:\Users\USER-PC\Desktop\spk-saw\system\Common.php(1119): CodeIgniter\View\View->render('crud1/edit', Array, true)
#3 C:\Users\USER-PC\Desktop\spk-saw\app\Controllers\Crud1.php(79): view('crud1/edit', Array)
#4 C:\Users\USER-PC\Desktop\spk-saw\system\CodeIgniter.php(918): App\Controllers\Crud1->edit('favicon.ico')
#5 C:\Users\USER-PC\Desktop\spk-saw\system\CodeIgniter.php(404): CodeIgniter\CodeIgniter->runController(Object(App\Controllers\Crud1))
#6 C:\Users\USER-PC\Desktop\spk-saw\system\CodeIgniter.php(312): CodeIgniter\CodeIgniter->handleRequest(NULL, Object(Config\Cache), false)
#7 C:\Users\USER-PC\Desktop\spk-saw\public\index.php(45): CodeIgniter\CodeIgniter->run()
#8 C:\Users\USER-PC\Desktop\spk-saw\system\Commands\Server\rewrite.php(34): require_once('C:\\Users\\USER-P...')
#9 {main}
CRITICAL - 2021-11-02 23:19:14 --> Trying to access array offset on value of type null
#0 C:\Users\USER-PC\Desktop\spk-saw\app\Views\crud1\edit.php(17): CodeIgniter\Debug\Exceptions->errorHandler(8, 'Trying to acces...', 'C:\\Users\\USER-P...', 17, Array)
#1 C:\Users\USER-PC\Desktop\spk-saw\system\View\View.php(246): include('C:\\Users\\USER-P...')
#2 C:\Users\USER-PC\Desktop\spk-saw\system\Common.php(1119): CodeIgniter\View\View->render('crud1/edit', Array, true)
#3 C:\Users\USER-PC\Desktop\spk-saw\app\Controllers\Crud1.php(79): view('crud1/edit', Array)
#4 C:\Users\USER-PC\Desktop\spk-saw\system\CodeIgniter.php(918): App\Controllers\Crud1->edit('favicon.ico')
#5 C:\Users\USER-PC\Desktop\spk-saw\system\CodeIgniter.php(404): CodeIgniter\CodeIgniter->runController(Object(App\Controllers\Crud1))
#6 C:\Users\USER-PC\Desktop\spk-saw\system\CodeIgniter.php(312): CodeIgniter\CodeIgniter->handleRequest(NULL, Object(Config\Cache), false)
#7 C:\Users\USER-PC\Desktop\spk-saw\public\index.php(45): CodeIgniter\CodeIgniter->run()
#8 C:\Users\USER-PC\Desktop\spk-saw\system\Commands\Server\rewrite.php(34): require_once('C:\\Users\\USER-P...')
#9 {main}
CRITICAL - 2021-11-02 23:19:30 --> Trying to access array offset on value of type null
#0 C:\Users\USER-PC\Desktop\spk-saw\app\Views\crud1\edit.php(17): CodeIgniter\Debug\Exceptions->errorHandler(8, 'Trying to acces...', 'C:\\Users\\USER-P...', 17, Array)
#1 C:\Users\USER-PC\Desktop\spk-saw\system\View\View.php(246): include('C:\\Users\\USER-P...')
#2 C:\Users\USER-PC\Desktop\spk-saw\system\Common.php(1119): CodeIgniter\View\View->render('crud1/edit', Array, true)
#3 C:\Users\USER-PC\Desktop\spk-saw\app\Controllers\Crud1.php(79): view('crud1/edit', Array)
#4 C:\Users\USER-PC\Desktop\spk-saw\system\CodeIgniter.php(918): App\Controllers\Crud1->edit('favicon.ico')
#5 C:\Users\USER-PC\Desktop\spk-saw\system\CodeIgniter.php(404): CodeIgniter\CodeIgniter->runController(Object(App\Controllers\Crud1))
#6 C:\Users\USER-PC\Desktop\spk-saw\system\CodeIgniter.php(312): CodeIgniter\CodeIgniter->handleRequest(NULL, Object(Config\Cache), false)
#7 C:\Users\USER-PC\Desktop\spk-saw\public\index.php(45): CodeIgniter\CodeIgniter->run()
#8 C:\Users\USER-PC\Desktop\spk-saw\system\Commands\Server\rewrite.php(34): require_once('C:\\Users\\USER-P...')
#9 {main}
CRITICAL - 2021-11-02 23:19:36 --> Trying to access array offset on value of type null
#0 C:\Users\USER-PC\Desktop\spk-saw\app\Views\crud1\edit.php(17): CodeIgniter\Debug\Exceptions->errorHandler(8, 'Trying to acces...', 'C:\\Users\\USER-P...', 17, Array)
#1 C:\Users\USER-PC\Desktop\spk-saw\system\View\View.php(246): include('C:\\Users\\USER-P...')
#2 C:\Users\USER-PC\Desktop\spk-saw\system\Common.php(1119): CodeIgniter\View\View->render('crud1/edit', Array, true)
#3 C:\Users\USER-PC\Desktop\spk-saw\app\Controllers\Crud1.php(79): view('crud1/edit', Array)
#4 C:\Users\USER-PC\Desktop\spk-saw\system\CodeIgniter.php(918): App\Controllers\Crud1->edit('favicon.ico')
#5 C:\Users\USER-PC\Desktop\spk-saw\system\CodeIgniter.php(404): CodeIgniter\CodeIgniter->runController(Object(App\Controllers\Crud1))
#6 C:\Users\USER-PC\Desktop\spk-saw\system\CodeIgniter.php(312): CodeIgniter\CodeIgniter->handleRequest(NULL, Object(Config\Cache), false)
#7 C:\Users\USER-PC\Desktop\spk-saw\public\index.php(45): CodeIgniter\CodeIgniter->run()
#8 C:\Users\USER-PC\Desktop\spk-saw\system\Commands\Server\rewrite.php(34): require_once('C:\\Users\\USER-P...')
#9 {main}
CRITICAL - 2021-11-02 23:21:55 --> Trying to access array offset on value of type null
#0 C:\Users\USER-PC\Desktop\spk-saw\app\Views\crud1\edit.php(17): CodeIgniter\Debug\Exceptions->errorHandler(8, 'Trying to acces...', 'C:\\Users\\USER-P...', 17, Array)
#1 C:\Users\USER-PC\Desktop\spk-saw\system\View\View.php(246): include('C:\\Users\\USER-P...')
#2 C:\Users\USER-PC\Desktop\spk-saw\system\Common.php(1119): CodeIgniter\View\View->render('crud1/edit', Array, true)
#3 C:\Users\USER-PC\Desktop\spk-saw\app\Controllers\Crud1.php(79): view('crud1/edit', Array)
#4 C:\Users\USER-PC\Desktop\spk-saw\system\CodeIgniter.php(918): App\Controllers\Crud1->edit('favicon.ico')
#5 C:\Users\USER-PC\Desktop\spk-saw\system\CodeIgniter.php(404): CodeIgniter\CodeIgniter->runController(Object(App\Controllers\Crud1))
#6 C:\Users\USER-PC\Desktop\spk-saw\system\CodeIgniter.php(312): CodeIgniter\CodeIgniter->handleRequest(NULL, Object(Config\Cache), false)
#7 C:\Users\USER-PC\Desktop\spk-saw\public\index.php(45): CodeIgniter\CodeIgniter->run()
#8 C:\Users\USER-PC\Desktop\spk-saw\system\Commands\Server\rewrite.php(34): require_once('C:\\Users\\USER-P...')
#9 {main}
CRITICAL - 2021-11-02 23:21:59 --> Trying to access array offset on value of type null
#0 C:\Users\USER-PC\Desktop\spk-saw\app\Views\crud1\edit.php(17): CodeIgniter\Debug\Exceptions->errorHandler(8, 'Trying to acces...', 'C:\\Users\\USER-P...', 17, Array)
#1 C:\Users\USER-PC\Desktop\spk-saw\system\View\View.php(246): include('C:\\Users\\USER-P...')
#2 C:\Users\USER-PC\Desktop\spk-saw\system\Common.php(1119): CodeIgniter\View\View->render('crud1/edit', Array, true)
#3 C:\Users\USER-PC\Desktop\spk-saw\app\Controllers\Crud1.php(79): view('crud1/edit', Array)
#4 C:\Users\USER-PC\Desktop\spk-saw\system\CodeIgniter.php(918): App\Controllers\Crud1->edit('favicon.ico')
#5 C:\Users\USER-PC\Desktop\spk-saw\system\CodeIgniter.php(404): CodeIgniter\CodeIgniter->runController(Object(App\Controllers\Crud1))
#6 C:\Users\USER-PC\Desktop\spk-saw\system\CodeIgniter.php(312): CodeIgniter\CodeIgniter->handleRequest(NULL, Object(Config\Cache), false)
#7 C:\Users\USER-PC\Desktop\spk-saw\public\index.php(45): CodeIgniter\CodeIgniter->run()
#8 C:\Users\USER-PC\Desktop\spk-saw\system\Commands\Server\rewrite.php(34): require_once('C:\\Users\\USER-P...')
#9 {main}
CRITICAL - 2021-11-02 23:22:01 --> Too few arguments to function App\Controllers\Crud1::update(), 0 passed in C:\Users\USER-PC\Desktop\spk-saw\system\CodeIgniter.php on line 918 and exactly 1 expected
#0 C:\Users\USER-PC\Desktop\spk-saw\system\CodeIgniter.php(918): App\Controllers\Crud1->update()
#1 C:\Users\USER-PC\Desktop\spk-saw\system\CodeIgniter.php(404): CodeIgniter\CodeIgniter->runController(Object(App\Controllers\Crud1))
#2 C:\Users\USER-PC\Desktop\spk-saw\system\CodeIgniter.php(312): CodeIgniter\CodeIgniter->handleRequest(NULL, Object(Config\Cache), false)
#3 C:\Users\USER-PC\Desktop\spk-saw\public\index.php(45): CodeIgniter\CodeIgniter->run()
#4 C:\Users\USER-PC\Desktop\spk-saw\system\Commands\Server\rewrite.php(34): require_once('C:\\Users\\USER-P...')
#5 {main}
CRITICAL - 2021-11-02 23:22:21 --> Undefined variable: crud_id
#0 C:\Users\USER-PC\Desktop\spk-saw\app\Views\crud1\edit.php(15): CodeIgniter\Debug\Exceptions->errorHandler(8, 'Undefined varia...', 'C:\\Users\\USER-P...', 15, Array)
#1 C:\Users\USER-PC\Desktop\spk-saw\system\View\View.php(246): include('C:\\Users\\USER-P...')
#2 C:\Users\USER-PC\Desktop\spk-saw\system\Common.php(1119): CodeIgniter\View\View->render('crud1/edit', Array, true)
#3 C:\Users\USER-PC\Desktop\spk-saw\app\Controllers\Crud1.php(79): view('crud1/edit', Array)
#4 C:\Users\USER-PC\Desktop\spk-saw\system\CodeIgniter.php(918): App\Controllers\Crud1->edit('4')
#5 C:\Users\USER-PC\Desktop\spk-saw\system\CodeIgniter.php(404): CodeIgniter\CodeIgniter->runController(Object(App\Controllers\Crud1))
#6 C:\Users\USER-PC\Desktop\spk-saw\system\CodeIgniter.php(312): CodeIgniter\CodeIgniter->handleRequest(NULL, Object(Config\Cache), false)
#7 C:\Users\USER-PC\Desktop\spk-saw\public\index.php(45): CodeIgniter\CodeIgniter->run()
#8 C:\Users\USER-PC\Desktop\spk-saw\system\Commands\Server\rewrite.php(34): require_once('C:\\Users\\USER-P...')
#9 {main}
CRITICAL - 2021-11-02 23:22:24 --> Undefined variable: crud_id
#0 C:\Users\USER-PC\Desktop\spk-saw\app\Views\crud1\edit.php(15): CodeIgniter\Debug\Exceptions->errorHandler(8, 'Undefined varia...', 'C:\\Users\\USER-P...', 15, Array)
#1 C:\Users\USER-PC\Desktop\spk-saw\system\View\View.php(246): include('C:\\Users\\USER-P...')
#2 C:\Users\USER-PC\Desktop\spk-saw\system\Common.php(1119): CodeIgniter\View\View->render('crud1/edit', Array, true)
#3 C:\Users\USER-PC\Desktop\spk-saw\app\Controllers\Crud1.php(79): view('crud1/edit', Array)
#4 C:\Users\USER-PC\Desktop\spk-saw\system\CodeIgniter.php(918): App\Controllers\Crud1->edit('4')
#5 C:\Users\USER-PC\Desktop\spk-saw\system\CodeIgniter.php(404): CodeIgniter\CodeIgniter->runController(Object(App\Controllers\Crud1))
#6 C:\Users\USER-PC\Desktop\spk-saw\system\CodeIgniter.php(312): CodeIgniter\CodeIgniter->handleRequest(NULL, Object(Config\Cache), false)
#7 C:\Users\USER-PC\Desktop\spk-saw\public\index.php(45): CodeIgniter\CodeIgniter->run()
#8 C:\Users\USER-PC\Desktop\spk-saw\system\Commands\Server\rewrite.php(34): require_once('C:\\Users\\USER-P...')
#9 {main}
CRITICAL - 2021-11-02 23:22:28 --> Undefined variable: crud_id
#0 C:\Users\USER-PC\Desktop\spk-saw\app\Views\crud1\edit.php(15): CodeIgniter\Debug\Exceptions->errorHandler(8, 'Undefined varia...', 'C:\\Users\\USER-P...', 15, Array)
#1 C:\Users\USER-PC\Desktop\spk-saw\system\View\View.php(246): include('C:\\Users\\USER-P...')
#2 C:\Users\USER-PC\Desktop\spk-saw\system\Common.php(1119): CodeIgniter\View\View->render('crud1/edit', Array, true)
#3 C:\Users\USER-PC\Desktop\spk-saw\app\Controllers\Crud1.php(79): view('crud1/edit', Array)
#4 C:\Users\USER-PC\Desktop\spk-saw\system\CodeIgniter.php(918): App\Controllers\Crud1->edit('4')
#5 C:\Users\USER-PC\Desktop\spk-saw\system\CodeIgniter.php(404): CodeIgniter\CodeIgniter->runController(Object(App\Controllers\Crud1))
#6 C:\Users\USER-PC\Desktop\spk-saw\system\CodeIgniter.php(312): CodeIgniter\CodeIgniter->handleRequest(NULL, Object(Config\Cache), false)
#7 C:\Users\USER-PC\Desktop\spk-saw\public\index.php(45): CodeIgniter\CodeIgniter->run()
#8 C:\Users\USER-PC\Desktop\spk-saw\system\Commands\Server\rewrite.php(34): require_once('C:\\Users\\USER-P...')
#9 {main}
CRITICAL - 2021-11-02 23:22:40 --> Trying to access array offset on value of type null
#0 C:\Users\USER-PC\Desktop\spk-saw\app\Views\crud1\edit.php(15): CodeIgniter\Debug\Exceptions->errorHandler(8, 'Trying to acces...', 'C:\\Users\\USER-P...', 15, Array)
#1 C:\Users\USER-PC\Desktop\spk-saw\system\View\View.php(246): include('C:\\Users\\USER-P...')
#2 C:\Users\USER-PC\Desktop\spk-saw\system\Common.php(1119): CodeIgniter\View\View->render('crud1/edit', Array, true)
#3 C:\Users\USER-PC\Desktop\spk-saw\app\Controllers\Crud1.php(79): view('crud1/edit', Array)
#4 C:\Users\USER-PC\Desktop\spk-saw\system\CodeIgniter.php(918): App\Controllers\Crud1->edit('favicon.ico')
#5 C:\Users\USER-PC\Desktop\spk-saw\system\CodeIgniter.php(404): CodeIgniter\CodeIgniter->runController(Object(App\Controllers\Crud1))
#6 C:\Users\USER-PC\Desktop\spk-saw\system\CodeIgniter.php(312): CodeIgniter\CodeIgniter->handleRequest(NULL, Object(Config\Cache), false)
#7 C:\Users\USER-PC\Desktop\spk-saw\public\index.php(45): CodeIgniter\CodeIgniter->run()
#8 C:\Users\USER-PC\Desktop\spk-saw\system\Commands\Server\rewrite.php(34): require_once('C:\\Users\\USER-P...')
#9 {main}
CRITICAL - 2021-11-02 23:22:49 --> Trying to access array offset on value of type null
#0 C:\Users\USER-PC\Desktop\spk-saw\app\Views\crud1\edit.php(15): CodeIgniter\Debug\Exceptions->errorHandler(8, 'Trying to acces...', 'C:\\Users\\USER-P...', 15, Array)
#1 C:\Users\USER-PC\Desktop\spk-saw\system\View\View.php(246): include('C:\\Users\\USER-P...')
#2 C:\Users\USER-PC\Desktop\spk-saw\system\Common.php(1119): CodeIgniter\View\View->render('crud1/edit', Array, true)
#3 C:\Users\USER-PC\Desktop\spk-saw\app\Controllers\Crud1.php(79): view('crud1/edit', Array)
#4 C:\Users\USER-PC\Desktop\spk-saw\system\CodeIgniter.php(918): App\Controllers\Crud1->edit('favicon.ico')
#5 C:\Users\USER-PC\Desktop\spk-saw\system\CodeIgniter.php(404): CodeIgniter\CodeIgniter->runController(Object(App\Controllers\Crud1))
#6 C:\Users\USER-PC\Desktop\spk-saw\system\CodeIgniter.php(312): CodeIgniter\CodeIgniter->handleRequest(NULL, Object(Config\Cache), false)
#7 C:\Users\USER-PC\Desktop\spk-saw\public\index.php(45): CodeIgniter\CodeIgniter->run()
#8 C:\Users\USER-PC\Desktop\spk-saw\system\Commands\Server\rewrite.php(34): require_once('C:\\Users\\USER-P...')
#9 {main}
CRITICAL - 2021-11-02 23:22:52 --> Trying to access array offset on value of type null
#0 C:\Users\USER-PC\Desktop\spk-saw\app\Views\crud1\edit.php(15): CodeIgniter\Debug\Exceptions->errorHandler(8, 'Trying to acces...', 'C:\\Users\\USER-P...', 15, Array)
#1 C:\Users\USER-PC\Desktop\spk-saw\system\View\View.php(246): include('C:\\Users\\USER-P...')
#2 C:\Users\USER-PC\Desktop\spk-saw\system\Common.php(1119): CodeIgniter\View\View->render('crud1/edit', Array, true)
#3 C:\Users\USER-PC\Desktop\spk-saw\app\Controllers\Crud1.php(79): view('crud1/edit', Array)
#4 C:\Users\USER-PC\Desktop\spk-saw\system\CodeIgniter.php(918): App\Controllers\Crud1->edit('favicon.ico')
#5 C:\Users\USER-PC\Desktop\spk-saw\system\CodeIgniter.php(404): CodeIgniter\CodeIgniter->runController(Object(App\Controllers\Crud1))
#6 C:\Users\USER-PC\Desktop\spk-saw\system\CodeIgniter.php(312): CodeIgniter\CodeIgniter->handleRequest(NULL, Object(Config\Cache), false)
#7 C:\Users\USER-PC\Desktop\spk-saw\public\index.php(45): CodeIgniter\CodeIgniter->run()
#8 C:\Users\USER-PC\Desktop\spk-saw\system\Commands\Server\rewrite.php(34): require_once('C:\\Users\\USER-P...')
#9 {main}
CRITICAL - 2021-11-02 23:23:40 --> Trying to access array offset on value of type null
#0 C:\Users\USER-PC\Desktop\spk-saw\app\Views\crud1\edit.php(15): CodeIgniter\Debug\Exceptions->errorHandler(8, 'Trying to acces...', 'C:\\Users\\USER-P...', 15, Array)
#1 C:\Users\USER-PC\Desktop\spk-saw\system\View\View.php(246): include('C:\\Users\\USER-P...')
#2 C:\Users\USER-PC\Desktop\spk-saw\system\Common.php(1119): CodeIgniter\View\View->render('crud1/edit', Array, true)
#3 C:\Users\USER-PC\Desktop\spk-saw\app\Controllers\Crud1.php(80): view('crud1/edit', Array)
#4 C:\Users\USER-PC\Desktop\spk-saw\system\CodeIgniter.php(918): App\Controllers\Crud1->edit('favicon.ico')
#5 C:\Users\USER-PC\Desktop\spk-saw\system\CodeIgniter.php(404): CodeIgniter\CodeIgniter->runController(Object(App\Controllers\Crud1))
#6 C:\Users\USER-PC\Desktop\spk-saw\system\CodeIgniter.php(312): CodeIgniter\CodeIgniter->handleRequest(NULL, Object(Config\Cache), false)
#7 C:\Users\USER-PC\Desktop\spk-saw\public\index.php(45): CodeIgniter\CodeIgniter->run()
#8 C:\Users\USER-PC\Desktop\spk-saw\system\Commands\Server\rewrite.php(34): require_once('C:\\Users\\USER-P...')
#9 {main}
CRITICAL - 2021-11-02 23:23:47 --> Trying to access array offset on value of type null
#0 C:\Users\USER-PC\Desktop\spk-saw\app\Views\crud1\edit.php(15): CodeIgniter\Debug\Exceptions->errorHandler(8, 'Trying to acces...', 'C:\\Users\\USER-P...', 15, Array)
#1 C:\Users\USER-PC\Desktop\spk-saw\system\View\View.php(246): include('C:\\Users\\USER-P...')
#2 C:\Users\USER-PC\Desktop\spk-saw\system\Common.php(1119): CodeIgniter\View\View->render('crud1/edit', Array, true)
#3 C:\Users\USER-PC\Desktop\spk-saw\app\Controllers\Crud1.php(80): view('crud1/edit', Array)
#4 C:\Users\USER-PC\Desktop\spk-saw\system\CodeIgniter.php(918): App\Controllers\Crud1->edit('favicon.ico')
#5 C:\Users\USER-PC\Desktop\spk-saw\system\CodeIgniter.php(404): CodeIgniter\CodeIgniter->runController(Object(App\Controllers\Crud1))
#6 C:\Users\USER-PC\Desktop\spk-saw\system\CodeIgniter.php(312): CodeIgniter\CodeIgniter->handleRequest(NULL, Object(Config\Cache), false)
#7 C:\Users\USER-PC\Desktop\spk-saw\public\index.php(45): CodeIgniter\CodeIgniter->run()
#8 C:\Users\USER-PC\Desktop\spk-saw\system\Commands\Server\rewrite.php(34): require_once('C:\\Users\\USER-P...')
#9 {main}
CRITICAL - 2021-11-02 23:24:00 --> Trying to access array offset on value of type null
#0 C:\Users\USER-PC\Desktop\spk-saw\app\Views\crud1\edit.php(15): CodeIgniter\Debug\Exceptions->errorHandler(8, 'Trying to acces...', 'C:\\Users\\USER-P...', 15, Array)
#1 C:\Users\USER-PC\Desktop\spk-saw\system\View\View.php(246): include('C:\\Users\\USER-P...')
#2 C:\Users\USER-PC\Desktop\spk-saw\system\Common.php(1119): CodeIgniter\View\View->render('crud1/edit', Array, true)
#3 C:\Users\USER-PC\Desktop\spk-saw\app\Controllers\Crud1.php(80): view('crud1/edit', Array)
#4 C:\Users\USER-PC\Desktop\spk-saw\system\CodeIgniter.php(918): App\Controllers\Crud1->edit('favicon.ico')
#5 C:\Users\USER-PC\Desktop\spk-saw\system\CodeIgniter.php(404): CodeIgniter\CodeIgniter->runController(Object(App\Controllers\Crud1))
#6 C:\Users\USER-PC\Desktop\spk-saw\system\CodeIgniter.php(312): CodeIgniter\CodeIgniter->handleRequest(NULL, Object(Config\Cache), false)
#7 C:\Users\USER-PC\Desktop\spk-saw\public\index.php(45): CodeIgniter\CodeIgniter->run()
#8 C:\Users\USER-PC\Desktop\spk-saw\system\Commands\Server\rewrite.php(34): require_once('C:\\Users\\USER-P...')
#9 {main}
CRITICAL - 2021-11-02 23:24:21 --> Trying to access array offset on value of type null
#0 C:\Users\USER-PC\Desktop\spk-saw\app\Views\crud1\edit.php(15): CodeIgniter\Debug\Exceptions->errorHandler(8, 'Trying to acces...', 'C:\\Users\\USER-P...', 15, Array)
#1 C:\Users\USER-PC\Desktop\spk-saw\system\View\View.php(246): include('C:\\Users\\USER-P...')
#2 C:\Users\USER-PC\Desktop\spk-saw\system\Common.php(1119): CodeIgniter\View\View->render('crud1/edit', Array, true)
#3 C:\Users\USER-PC\Desktop\spk-saw\app\Controllers\Crud1.php(80): view('crud1/edit', Array)
#4 C:\Users\USER-PC\Desktop\spk-saw\system\CodeIgniter.php(918): App\Controllers\Crud1->edit('favicon.ico')
#5 C:\Users\USER-PC\Desktop\spk-saw\system\CodeIgniter.php(404): CodeIgniter\CodeIgniter->runController(Object(App\Controllers\Crud1))
#6 C:\Users\USER-PC\Desktop\spk-saw\system\CodeIgniter.php(312): CodeIgniter\CodeIgniter->handleRequest(NULL, Object(Config\Cache), false)
#7 C:\Users\USER-PC\Desktop\spk-saw\public\index.php(45): CodeIgniter\CodeIgniter->run()
#8 C:\Users\USER-PC\Desktop\spk-saw\system\Commands\Server\rewrite.php(34): require_once('C:\\Users\\USER-P...')
#9 {main}
CRITICAL - 2021-11-02 23:24:33 --> Trying to access array offset on value of type null
#0 C:\Users\USER-PC\Desktop\spk-saw\app\Views\crud1\edit.php(15): CodeIgniter\Debug\Exceptions->errorHandler(8, 'Trying to acces...', 'C:\\Users\\USER-P...', 15, Array)
#1 C:\Users\USER-PC\Desktop\spk-saw\system\View\View.php(246): include('C:\\Users\\USER-P...')
#2 C:\Users\USER-PC\Desktop\spk-saw\system\Common.php(1119): CodeIgniter\View\View->render('crud1/edit', Array, true)
#3 C:\Users\USER-PC\Desktop\spk-saw\app\Controllers\Crud1.php(80): view('crud1/edit', Array)
#4 C:\Users\USER-PC\Desktop\spk-saw\system\CodeIgniter.php(918): App\Controllers\Crud1->edit('favicon.ico')
#5 C:\Users\USER-PC\Desktop\spk-saw\system\CodeIgniter.php(404): CodeIgniter\CodeIgniter->runController(Object(App\Controllers\Crud1))
#6 C:\Users\USER-PC\Desktop\spk-saw\system\CodeIgniter.php(312): CodeIgniter\CodeIgniter->handleRequest(NULL, Object(Config\Cache), false)
#7 C:\Users\USER-PC\Desktop\spk-saw\public\index.php(45): CodeIgniter\CodeIgniter->run()
#8 C:\Users\USER-PC\Desktop\spk-saw\system\Commands\Server\rewrite.php(34): require_once('C:\\Users\\USER-P...')
#9 {main}
